Started GET "/" for 127.0.0.1 at 2019-03-08 12:28:05 +0530
  
ActiveRecord::ConnectionNotEstablished (No connection pool with 'primary' found.):
  
vendor/bundle/gems/activerecord-5.2.2/lib/active_record/connection_adapters/abstract/connection_pool.rb:1009:in `retrieve_connection'
vendor/bundle/gems/activerecord-5.2.2/lib/active_record/connection_handling.rb:118:in `retrieve_connection'
vendor/bundle/gems/activerecord-5.2.2/lib/active_record/connection_handling.rb:90:in `connection'
vendor/bundle/gems/activerecord-5.2.2/lib/active_record/migration.rb:554:in `call'
vendor/bundle/gems/actionpack-5.2.2/lib/action_dispatch/middleware/callbacks.rb:28:in `block in call'
vendor/bundle/gems/activesupport-5.2.2/lib/active_support/callbacks.rb:98:in `run_callbacks'
vendor/bundle/gems/actionpack-5.2.2/lib/action_dispatch/middleware/callbacks.rb:26:in `call'
vendor/bundle/gems/actionpack-5.2.2/lib/action_dispatch/middleware/executor.rb:14:in `call'
vendor/bundle/gems/actionpack-5.2.2/lib/action_dispatch/middleware/debug_exceptions.rb:61:in `call'
vendor/bundle/gems/web-console-3.7.0/lib/web_console/middleware.rb:135:in `call_app'
vendor/bundle/gems/web-console-3.7.0/lib/web_console/middleware.rb:30:in `block in call'
vendor/bundle/gems/web-console-3.7.0/lib/web_console/middleware.rb:20:in `catch'
vendor/bundle/gems/web-console-3.7.0/lib/web_console/middleware.rb:20:in `call'
vendor/bundle/gems/actionpack-5.2.2/lib/action_dispatch/middleware/show_exceptions.rb:33:in `call'
vendor/bundle/gems/railties-5.2.2/lib/rails/rack/logger.rb:38:in `call_app'
vendor/bundle/gems/railties-5.2.2/lib/rails/rack/logger.rb:26:in `block in call'
vendor/bundle/gems/activesupport-5.2.2/lib/active_support/tagged_logging.rb:71:in `block in tagged'
vendor/bundle/gems/activesupport-5.2.2/lib/active_support/tagged_logging.rb:28:in `tagged'
vendor/bundle/gems/activesupport-5.2.2/lib/active_support/tagged_logging.rb:71:in `tagged'
vendor/bundle/gems/railties-5.2.2/lib/rails/rack/logger.rb:26:in `call'
vendor/bundle/gems/sprockets-rails-3.2.1/lib/sprockets/rails/quiet_assets.rb:13:in `call'
vendor/bundle/gems/actionpack-5.2.2/lib/action_dispatch/middleware/remote_ip.rb:81:in `call'
vendor/bundle/gems/actionpack-5.2.2/lib/action_dispatch/middleware/request_id.rb:27:in `call'
vendor/bundle/gems/rack-2.0.6/lib/rack/method_override.rb:22:in `call'
vendor/bundle/gems/rack-2.0.6/lib/rack/runtime.rb:22:in `call'
vendor/bundle/gems/activesupport-5.2.2/lib/active_support/cache/strategy/local_cache_middleware.rb:29:in `call'
vendor/bundle/gems/actionpack-5.2.2/lib/action_dispatch/middleware/executor.rb:14:in `call'
vendor/bundle/gems/actionpack-5.2.2/lib/action_dispatch/middleware/static.rb:127:in `call'
vendor/bundle/gems/rack-2.0.6/lib/rack/sendfile.rb:111:in `call'
vendor/bundle/gems/railties-5.2.2/lib/rails/engine.rb:524:in `call'
vendor/bundle/gems/puma-3.12.0/lib/puma/configuration.rb:225:in `call'
vendor/bundle/gems/puma-3.12.0/lib/puma/server.rb:658:in `handle_request'
vendor/bundle/gems/puma-3.12.0/lib/puma/server.rb:472:in `process_client'
vendor/bundle/gems/puma-3.12.0/lib/puma/server.rb:332:in `block in run'
vendor/bundle/gems/puma-3.12.0/lib/puma/thread_pool.rb:133:in `block in spawn_thread'
Started GET "/" for 127.0.0.1 at 2019-03-08 12:33:20 +0530
  [1m[35m (0.3ms)[0m  [1m[35mSET  @@SESSION.sql_mode = CONCAT(CONCAT(@@sql_mode, ',STRICT_ALL_TABLES'), ',NO_AUTO_VALUE_ON_ZERO'),  @@SESSION.sql_auto_is_null = 0, @@SESSION.wait_timeout = 2147483[0m
  ↳ vendor/bundle/gems/activerecord-5.2.2/lib/active_record/log_subscriber.rb:98
Processing by Rails::WelcomeController#index as HTML
  Rendering vendor/bundle/gems/railties-5.2.2/lib/rails/templates/rails/welcome/index.html.erb
  Rendered vendor/bundle/gems/railties-5.2.2/lib/rails/templates/rails/welcome/index.html.erb (3.8ms)
Completed 200 OK in 15ms (Views: 6.9ms | ActiveRecord: 0.0ms)


  [1m[35m (0.3ms)[0m  [1m[35mSET  @@SESSION.sql_mode = CONCAT(CONCAT(@@sql_mode, ',STRICT_ALL_TABLES'), ',NO_AUTO_VALUE_ON_ZERO'),  @@SESSION.sql_auto_is_null = 0, @@SESSION.wait_timeout = 2147483[0m
  ↳ bin/rails:9
  [1m[35m (286.7ms)[0m  [1m[35mCREATE TABLE `schema_migrations` (`version` varchar(255) NOT NULL PRIMARY KEY)[0m
  ↳ bin/rails:9
  [1m[35m (251.9ms)[0m  [1m[35mCREATE TABLE `ar_internal_metadata` (`key` varchar(255) NOT NULL PRIMARY KEY, `value` varchar(255), `created_at` datetime NOT NULL, `updated_at` datetime NOT NULL)[0m
  ↳ bin/rails:9
  [1m[35m (0.5ms)[0m  [1m[34mSELECT GET_LOCK('54614349587445900', 0)[0m
  ↳ bin/rails:9
  [1m[35m (0.4ms)[0m  [1m[34mSELECT `schema_migrations`.`version` FROM `schema_migrations` ORDER BY `schema_migrations`.`version` ASC[0m
  ↳ bin/rails:9
Migrating to CreateUsers (20190308072515)
  [1m[35m (211.2ms)[0m  [1m[35mCREATE TABLE `users` (`id` bigint NOT NULL AUTO_INCREMENT PRIMARY KEY, `email` varchar(255), `password_digest` varchar(255), `created_at` datetime NOT NULL, `updated_at` datetime NOT NULL)[0m
  ↳ db/migrate/20190308072515_create_users.rb:3
  [1m[35m (232.3ms)[0m  [1m[35mCREATE UNIQUE INDEX `index_users_on_email`  ON `users` (`email`) [0m
  ↳ db/migrate/20190308072515_create_users.rb:9
  [1m[35m (0.3ms)[0m  [1m[35mBEGIN[0m
  ↳ bin/rails:9
  [1m[36mActiveRecord::SchemaMigration Create (0.5ms)[0m  [1m[32mINSERT INTO `schema_migrations` (`version`) VALUES ('20190308072515')[0m
  ↳ bin/rails:9
  [1m[35m (60.7ms)[0m  [1m[35mCOMMIT[0m
  ↳ bin/rails:9
  [1m[36mActiveRecord::InternalMetadata Load (0.5ms)[0m  [1m[34mSELECT  `ar_internal_metadata`.* FROM `ar_internal_metadata` WHERE `ar_internal_metadata`.`key` = 'environment' LIMIT 1[0m
  ↳ bin/rails:9
  [1m[35m (0.3ms)[0m  [1m[35mBEGIN[0m
  ↳ bin/rails:9
  [1m[36mActiveRecord::InternalMetadata Create (0.4ms)[0m  [1m[32mINSERT INTO `ar_internal_metadata` (`key`, `value`, `created_at`, `updated_at`) VALUES ('environment', 'development', '2019-03-08 07:25:26', '2019-03-08 07:25:26')[0m
  ↳ bin/rails:9
  [1m[35m (35.3ms)[0m  [1m[35mCOMMIT[0m
  ↳ bin/rails:9
  [1m[35m (0.4ms)[0m  [1m[34mSELECT RELEASE_LOCK('54614349587445900')[0m
  ↳ bin/rails:9
  [1m[35m (0.5ms)[0m  [1m[34mSELECT `schema_migrations`.`version` FROM `schema_migrations` ORDER BY `schema_migrations`.`version` ASC[0m
  ↳ bin/rails:9
Started GET "/" for 127.0.0.1 at 2019-03-08 12:57:16 +0530
  [1m[35m (0.2ms)[0m  [1m[35mSET  @@SESSION.sql_mode = CONCAT(CONCAT(@@sql_mode, ',STRICT_ALL_TABLES'), ',NO_AUTO_VALUE_ON_ZERO'),  @@SESSION.sql_auto_is_null = 0, @@SESSION.wait_timeout = 2147483[0m
  ↳ vendor/bundle/gems/activerecord-5.2.2/lib/active_record/log_subscriber.rb:98
  [1m[35m (0.4ms)[0m  [1m[34mSELECT `schema_migrations`.`version` FROM `schema_migrations` ORDER BY `schema_migrations`.`version` ASC[0m
  ↳ vendor/bundle/gems/activerecord-5.2.2/lib/active_record/log_subscriber.rb:98
Processing by HomeController#index as HTML
  Rendering home/index.html.erb within layouts/application
  Rendered home/index.html.erb within layouts/application (0.8ms)
Completed 200 OK in 2435ms (Views: 2428.4ms | ActiveRecord: 0.0ms)


Started GET "/user/new" for 127.0.0.1 at 2019-03-08 12:58:43 +0530
  
ActionController::RoutingError (No route matches [GET] "/user/new"):
  
vendor/bundle/gems/actionpack-5.2.2/lib/action_dispatch/middleware/debug_exceptions.rb:65:in `call'
vendor/bundle/gems/web-console-3.7.0/lib/web_console/middleware.rb:135:in `call_app'
vendor/bundle/gems/web-console-3.7.0/lib/web_console/middleware.rb:30:in `block in call'
vendor/bundle/gems/web-console-3.7.0/lib/web_console/middleware.rb:20:in `catch'
vendor/bundle/gems/web-console-3.7.0/lib/web_console/middleware.rb:20:in `call'
vendor/bundle/gems/actionpack-5.2.2/lib/action_dispatch/middleware/show_exceptions.rb:33:in `call'
vendor/bundle/gems/railties-5.2.2/lib/rails/rack/logger.rb:38:in `call_app'
vendor/bundle/gems/railties-5.2.2/lib/rails/rack/logger.rb:26:in `block in call'
vendor/bundle/gems/activesupport-5.2.2/lib/active_support/tagged_logging.rb:71:in `block in tagged'
vendor/bundle/gems/activesupport-5.2.2/lib/active_support/tagged_logging.rb:28:in `tagged'
vendor/bundle/gems/activesupport-5.2.2/lib/active_support/tagged_logging.rb:71:in `tagged'
vendor/bundle/gems/railties-5.2.2/lib/rails/rack/logger.rb:26:in `call'
vendor/bundle/gems/sprockets-rails-3.2.1/lib/sprockets/rails/quiet_assets.rb:13:in `call'
vendor/bundle/gems/actionpack-5.2.2/lib/action_dispatch/middleware/remote_ip.rb:81:in `call'
vendor/bundle/gems/actionpack-5.2.2/lib/action_dispatch/middleware/request_id.rb:27:in `call'
vendor/bundle/gems/rack-2.0.6/lib/rack/method_override.rb:22:in `call'
vendor/bundle/gems/rack-2.0.6/lib/rack/runtime.rb:22:in `call'
vendor/bundle/gems/activesupport-5.2.2/lib/active_support/cache/strategy/local_cache_middleware.rb:29:in `call'
vendor/bundle/gems/actionpack-5.2.2/lib/action_dispatch/middleware/executor.rb:14:in `call'
vendor/bundle/gems/actionpack-5.2.2/lib/action_dispatch/middleware/static.rb:127:in `call'
vendor/bundle/gems/rack-2.0.6/lib/rack/sendfile.rb:111:in `call'
vendor/bundle/gems/railties-5.2.2/lib/rails/engine.rb:524:in `call'
vendor/bundle/gems/puma-3.12.0/lib/puma/configuration.rb:225:in `call'
vendor/bundle/gems/puma-3.12.0/lib/puma/server.rb:658:in `handle_request'
vendor/bundle/gems/puma-3.12.0/lib/puma/server.rb:472:in `process_client'
vendor/bundle/gems/puma-3.12.0/lib/puma/server.rb:332:in `block in run'
vendor/bundle/gems/puma-3.12.0/lib/puma/thread_pool.rb:133:in `block in spawn_thread'
Started GET "/users/new" for 127.0.0.1 at 2019-03-08 12:58:57 +0530
Processing by UsersController#new as HTML
  Rendering users/new.html.erb within layouts/application
  Rendered users/_form.html.erb (13.8ms)
  Rendered users/new.html.erb within layouts/application (15.5ms)
Completed 200 OK in 77ms (Views: 62.7ms | ActiveRecord: 1.7ms)


Started POST "/users" for 127.0.0.1 at 2019-03-08 12:59:03 +0530
Processing by UsersController#create as HTML
  Parameters: {"utf8"=>"✓", "authenticity_token"=>"nPUyIzEayiKpRvfLbu3V1Z4D39A1eV80jUEOtdlDdiiaTI8nmDvfr6+v8GyLiy28HSHyC2OlfOQQorH132nA7A==", "user"=>{"email"=>"", "password"=>"[FILTERED]", "password_confirmation"=>"[FILTERED]"}, "commit"=>"Create User"}
  [1m[35m (0.3ms)[0m  [1m[35mBEGIN[0m
  ↳ app/controllers/users_controller.rb:30
  [1m[36mUser Exists (0.6ms)[0m  [1m[34mSELECT  1 AS one FROM `users` WHERE `users`.`email` = BINARY '' LIMIT 1[0m
  ↳ app/controllers/users_controller.rb:30
  [1m[35m (0.3ms)[0m  [1m[31mROLLBACK[0m
  ↳ app/controllers/users_controller.rb:30
  Rendering users/new.html.erb within layouts/application
  Rendered users/_form.html.erb (7.7ms)
  Rendered users/new.html.erb within layouts/application (9.5ms)
Completed 200 OK in 61ms (Views: 46.0ms | ActiveRecord: 1.1ms)


Started POST "/users" for 127.0.0.1 at 2019-03-08 12:59:07 +0530
Processing by UsersController#create as HTML
  Parameters: {"utf8"=>"✓", "authenticity_token"=>"tejbk5jKMsUokaeZKqjd+nqGqOam3LbleW22SO61DG6zUWaXMesnSC54oD7PziWT+aSFPfAAlTXkjgkI6J+6qg==", "user"=>{"email"=>"", "password"=>"[FILTERED]", "password_confirmation"=>"[FILTERED]"}, "commit"=>"Create User"}
  [1m[35m (0.3ms)[0m  [1m[35mBEGIN[0m
  ↳ app/controllers/users_controller.rb:30
  [1m[36mUser Exists (2.2ms)[0m  [1m[34mSELECT  1 AS one FROM `users` WHERE `users`.`email` = BINARY '' LIMIT 1[0m
  ↳ app/controllers/users_controller.rb:30
  [1m[35m (1.1ms)[0m  [1m[31mROLLBACK[0m
  ↳ app/controllers/users_controller.rb:30
  Rendering users/new.html.erb within layouts/application
  Rendered users/_form.html.erb (6.9ms)
  Rendered users/new.html.erb within layouts/application (8.8ms)
Completed 200 OK in 59ms (Views: 45.9ms | ActiveRecord: 3.6ms)


Started POST "/users" for 127.0.0.1 at 2019-03-08 12:59:35 +0530
Processing by UsersController#create as HTML
  Parameters: {"utf8"=>"✓", "authenticity_token"=>"VwzEJpbrfgb7jLA3b0FGgKkHlIxE/BL3RXPRJJu46flRtXkiP8pri/1lt5CKJ77pKiW5VxIgMSfYkG5knZJfPQ==", "user"=>{"email"=>"anujvick801@gmail.com", "password"=>"[FILTERED]", "password_confirmation"=>"[FILTERED]"}, "commit"=>"Create User"}
  [1m[35m (0.2ms)[0m  [1m[35mBEGIN[0m
  ↳ app/controllers/users_controller.rb:30
  [1m[36mUser Exists (0.4ms)[0m  [1m[34mSELECT  1 AS one FROM `users` WHERE `users`.`email` = BINARY 'anujvick801@gmail.com' LIMIT 1[0m
  ↳ app/controllers/users_controller.rb:30
  [1m[35m (0.2ms)[0m  [1m[31mROLLBACK[0m
  ↳ app/controllers/users_controller.rb:30
  Rendering users/new.html.erb within layouts/application
  Rendered users/_form.html.erb (3.4ms)
  Rendered users/new.html.erb within layouts/application (4.5ms)
Completed 200 OK in 123ms (Views: 28.7ms | ActiveRecord: 0.8ms)


Started POST "/users" for 127.0.0.1 at 2019-03-08 12:59:45 +0530
Processing by UsersController#create as HTML
  Parameters: {"utf8"=>"✓", "authenticity_token"=>"1/rfBowXIYuMy7QNlhpsxTCkmjpsoyIGPkHmWtzXpmrRQ2ICJTY0Boois6pzfJSss4a34Tp/Adajolka2v0Qrg==", "user"=>{"email"=>"anujvick801@gmail.com", "password"=>"[FILTERED]", "password_confirmation"=>"[FILTERED]"}, "commit"=>"Create User"}
  [1m[35m (0.3ms)[0m  [1m[35mBEGIN[0m
  ↳ app/controllers/users_controller.rb:30
  [1m[36mUser Exists (0.4ms)[0m  [1m[34mSELECT  1 AS one FROM `users` WHERE `users`.`email` = BINARY 'anujvick801@gmail.com' LIMIT 1[0m
  ↳ app/controllers/users_controller.rb:30
  [1m[36mUser Create (0.4ms)[0m  [1m[32mINSERT INTO `users` (`email`, `password_digest`, `created_at`, `updated_at`) VALUES ('anujvick801@gmail.com', '$2a$10$1W7YYrJ5wqZGfwoesCA2me02ytuecKfK5w5PDztdKfbrzVmRVwN8u', '2019-03-08 07:29:45', '2019-03-08 07:29:45')[0m
  ↳ app/controllers/users_controller.rb:30
  [1m[35m (35.9ms)[0m  [1m[35mCOMMIT[0m
  ↳ app/controllers/users_controller.rb:30
Redirected to http://0.0.0.0:3000/users/1
Completed 302 Found in 149ms (ActiveRecord: 36.9ms)


Started GET "/users/1" for 127.0.0.1 at 2019-03-08 12:59:45 +0530
Processing by UsersController#show as HTML
  Parameters: {"id"=>"1"}
  [1m[36mUser Load (0.5ms)[0m  [1m[34mSELECT  `users`.* FROM `users` WHERE `users`.`id` = 1 LIMIT 1[0m
  ↳ app/controllers/users_controller.rb:67
  Rendering users/show.html.erb within layouts/application
  Rendered users/show.html.erb within layouts/application (1.2ms)
Completed 200 OK in 52ms (Views: 34.9ms | ActiveRecord: 0.5ms)


Started GET "/users/1/edit" for 127.0.0.1 at 2019-03-08 12:59:55 +0530
Processing by UsersController#edit as HTML
  Parameters: {"id"=>"1"}
  [1m[36mUser Load (0.6ms)[0m  [1m[34mSELECT  `users`.* FROM `users` WHERE `users`.`id` = 1 LIMIT 1[0m
  ↳ app/controllers/users_controller.rb:67
  Rendering users/edit.html.erb within layouts/application
  Rendered users/_form.html.erb (7.6ms)
  Rendered users/edit.html.erb within layouts/application (11.0ms)
Completed 200 OK in 55ms (Views: 49.9ms | ActiveRecord: 0.6ms)


Started PATCH "/users/1" for 127.0.0.1 at 2019-03-08 13:00:29 +0530
Processing by UsersController#update as HTML
  Parameters: {"utf8"=>"✓", "authenticity_token"=>"KJOXX6nzHDgYJ3PuT4PL+qD0FAn1gPxirImInJjeDigPkgL5SezRbFJwVatcSkNlzyaKo6EfDMaGl17GHhuO0w==", "user"=>{"email"=>"anujvick801@gmail.com", "password"=>"[FILTERED]", "password_confirmation"=>"[FILTERED]"}, "commit"=>"Update User", "id"=>"1"}
  [1m[36mUser Load (0.6ms)[0m  [1m[34mSELECT  `users`.* FROM `users` WHERE `users`.`id` = 1 LIMIT 1[0m
  ↳ app/controllers/users_controller.rb:67
  [1m[35m (0.2ms)[0m  [1m[35mBEGIN[0m
  ↳ app/controllers/users_controller.rb:44
  [1m[36mUser Exists (0.5ms)[0m  [1m[34mSELECT  1 AS one FROM `users` WHERE `users`.`email` = BINARY 'anujvick801@gmail.com' AND `users`.`id` != 1 LIMIT 1[0m
  ↳ app/controllers/users_controller.rb:44
  [1m[36mUser Update (11.7ms)[0m  [1m[33mUPDATE `users` SET `password_digest` = '$2a$10$8XO3/aBYdlMTojbkEX.I5OI4m/Y7J1phkbfZi5yG51eG6XdZCgzvW', `updated_at` = '2019-03-08 07:30:29' WHERE `users`.`id` = 1[0m
  ↳ app/controllers/users_controller.rb:44
  [1m[35m (31.3ms)[0m  [1m[35mCOMMIT[0m
  ↳ app/controllers/users_controller.rb:44
Redirected to http://0.0.0.0:3000/users/1
Completed 302 Found in 163ms (ActiveRecord: 44.3ms)


Started GET "/users/1" for 127.0.0.1 at 2019-03-08 13:00:29 +0530
Processing by UsersController#show as HTML
  Parameters: {"id"=>"1"}
  [1m[36mUser Load (0.5ms)[0m  [1m[34mSELECT  `users`.* FROM `users` WHERE `users`.`id` = 1 LIMIT 1[0m
  ↳ app/controllers/users_controller.rb:67
  Rendering users/show.html.erb within layouts/application
  Rendered users/show.html.erb within layouts/application (1.3ms)
Completed 200 OK in 42ms (Views: 38.6ms | ActiveRecord: 0.5ms)


Started GET "/users" for 127.0.0.1 at 2019-03-08 13:00:32 +0530
Processing by UsersController#index as HTML
  Rendering users/index.html.erb within layouts/application
  [1m[36mUser Load (1.7ms)[0m  [1m[34mSELECT `users`.* FROM `users`[0m
  ↳ app/views/users/index.html.erb:14
  Rendered users/index.html.erb within layouts/application (7.7ms)
Completed 200 OK in 49ms (Views: 45.7ms | ActiveRecord: 1.7ms)


Started DELETE "/users/1" for 127.0.0.1 at 2019-03-08 13:00:39 +0530
Processing by UsersController#destroy as HTML
  Parameters: {"authenticity_token"=>"jSeqQJozeywYXwHJMbchLjlqqPPzU8HxRpzWNBnNMoCLnhdEMxJuoR62Bm7U0dlHukiFKKWP4iHbf2l0H+eERA==", "id"=>"1"}
  [1m[36mUser Load (0.8ms)[0m  [1m[34mSELECT  `users`.* FROM `users` WHERE `users`.`id` = 1 LIMIT 1[0m
  ↳ app/controllers/users_controller.rb:67
  [1m[35m (0.2ms)[0m  [1m[35mBEGIN[0m
  ↳ app/controllers/users_controller.rb:57
  [1m[36mUser Destroy (0.4ms)[0m  [1m[31mDELETE FROM `users` WHERE `users`.`id` = 1[0m
  ↳ app/controllers/users_controller.rb:57
  [1m[35m (67.6ms)[0m  [1m[35mCOMMIT[0m
  ↳ app/controllers/users_controller.rb:57
Redirected to http://0.0.0.0:3000/users
Completed 302 Found in 75ms (ActiveRecord: 69.0ms)


Started GET "/users" for 127.0.0.1 at 2019-03-08 13:00:39 +0530
Processing by UsersController#index as HTML
  Rendering users/index.html.erb within layouts/application
  [1m[36mUser Load (0.3ms)[0m  [1m[34mSELECT `users`.* FROM `users`[0m
  ↳ app/views/users/index.html.erb:14
  Rendered users/index.html.erb within layouts/application (2.3ms)
Completed 200 OK in 32ms (Views: 30.6ms | ActiveRecord: 0.3ms)


Started GET "/users/new" for 127.0.0.1 at 2019-03-08 13:00:41 +0530
Processing by UsersController#new as HTML
  Rendering users/new.html.erb within layouts/application
  Rendered users/_form.html.erb (8.5ms)
  Rendered users/new.html.erb within layouts/application (12.2ms)
Completed 200 OK in 52ms (Views: 49.3ms | ActiveRecord: 0.0ms)


Started POST "/users" for 127.0.0.1 at 2019-03-08 13:01:26 +0530
Processing by UsersController#create as HTML
  Parameters: {"utf8"=>"✓", "authenticity_token"=>"fbcE5JjIL1Daj8utje7DdbXd69KuLEBuSZ3gWHZamWvQKyDTlP7Hk3UXqmj+VriLlpqG9h7XeyUNI2U++NW/3Q==", "user"=>{"email"=>"anujvick801@gmail.com", "password"=>"[FILTERED]", "password_confirmation"=>"[FILTERED]"}, "commit"=>"Create User"}
  [1m[35m (0.2ms)[0m  [1m[35mBEGIN[0m
  ↳ app/controllers/users_controller.rb:30
  [1m[36mUser Exists (0.4ms)[0m  [1m[34mSELECT  1 AS one FROM `users` WHERE `users`.`email` = BINARY 'anujvick801@gmail.com' LIMIT 1[0m
  ↳ app/controllers/users_controller.rb:30
  [1m[36mUser Create (0.3ms)[0m  [1m[32mINSERT INTO `users` (`email`, `password_digest`, `created_at`, `updated_at`) VALUES ('anujvick801@gmail.com', '$2a$10$BTUr21/Sippd9Z6kT9mQd.RnmLMwfVCUGItqyPOPKfKYHayQCI/AO', '2019-03-08 07:31:27', '2019-03-08 07:31:27')[0m
  ↳ app/controllers/users_controller.rb:30
  [1m[35m (30.2ms)[0m  [1m[35mCOMMIT[0m
  ↳ app/controllers/users_controller.rb:30
Redirected to http://0.0.0.0:3000/users/2
Completed 302 Found in 128ms (ActiveRecord: 31.1ms)


Started GET "/users/2" for 127.0.0.1 at 2019-03-08 13:01:27 +0530
Processing by UsersController#show as HTML
  Parameters: {"id"=>"2"}
  [1m[36mUser Load (0.4ms)[0m  [1m[34mSELECT  `users`.* FROM `users` WHERE `users`.`id` = 2 LIMIT 1[0m
  ↳ app/controllers/users_controller.rb:67
  Rendering users/show.html.erb within layouts/application
  Rendered users/show.html.erb within layouts/application (0.6ms)
Completed 200 OK in 24ms (Views: 22.3ms | ActiveRecord: 0.4ms)


Started GET "/users" for 127.0.0.1 at 2019-03-08 13:07:31 +0530
  
ArgumentError (' users' is not a supported controller name. This can lead to potential routing problems. See http://guides.rubyonrails.org/routing.html#specifying-a-controller-to-use):
  
config/routes.rb:8:in `block in <main>'
config/routes.rb:1:in `<main>'
Started GET "/users/2" for 127.0.0.1 at 2019-03-08 13:07:33 +0530
  [1m[35m (0.4ms)[0m  [1m[35mSET  @@SESSION.sql_mode = CONCAT(CONCAT(@@sql_mode, ',STRICT_ALL_TABLES'), ',NO_AUTO_VALUE_ON_ZERO'),  @@SESSION.sql_auto_is_null = 0, @@SESSION.wait_timeout = 2147483[0m
  ↳ vendor/bundle/gems/activerecord-5.2.2/lib/active_record/log_subscriber.rb:98
Processing by UsersController#show as HTML
  Parameters: {"id"=>"2"}
  [1m[36mUser Load (0.4ms)[0m  [1m[34mSELECT  `users`.* FROM `users` WHERE `users`.`id` = 2 LIMIT 1[0m
  ↳ app/controllers/users_controller.rb:67
  Rendering users/show.html.erb within layouts/application
  Rendered users/show.html.erb within layouts/application (1.0ms)
Completed 200 OK in 80ms (Views: 62.4ms | ActiveRecord: 2.4ms)


Started GET "/signin" for 127.0.0.1 at 2019-03-08 13:07:49 +0530
  
ActionController::RoutingError (No route matches [GET] "/signin"):
  
vendor/bundle/gems/actionpack-5.2.2/lib/action_dispatch/middleware/debug_exceptions.rb:65:in `call'
vendor/bundle/gems/web-console-3.7.0/lib/web_console/middleware.rb:135:in `call_app'
vendor/bundle/gems/web-console-3.7.0/lib/web_console/middleware.rb:30:in `block in call'
vendor/bundle/gems/web-console-3.7.0/lib/web_console/middleware.rb:20:in `catch'
vendor/bundle/gems/web-console-3.7.0/lib/web_console/middleware.rb:20:in `call'
vendor/bundle/gems/actionpack-5.2.2/lib/action_dispatch/middleware/show_exceptions.rb:33:in `call'
vendor/bundle/gems/railties-5.2.2/lib/rails/rack/logger.rb:38:in `call_app'
vendor/bundle/gems/railties-5.2.2/lib/rails/rack/logger.rb:26:in `block in call'
vendor/bundle/gems/activesupport-5.2.2/lib/active_support/tagged_logging.rb:71:in `block in tagged'
vendor/bundle/gems/activesupport-5.2.2/lib/active_support/tagged_logging.rb:28:in `tagged'
vendor/bundle/gems/activesupport-5.2.2/lib/active_support/tagged_logging.rb:71:in `tagged'
vendor/bundle/gems/railties-5.2.2/lib/rails/rack/logger.rb:26:in `call'
vendor/bundle/gems/sprockets-rails-3.2.1/lib/sprockets/rails/quiet_assets.rb:13:in `call'
vendor/bundle/gems/actionpack-5.2.2/lib/action_dispatch/middleware/remote_ip.rb:81:in `call'
vendor/bundle/gems/actionpack-5.2.2/lib/action_dispatch/middleware/request_id.rb:27:in `call'
vendor/bundle/gems/rack-2.0.6/lib/rack/method_override.rb:22:in `call'
vendor/bundle/gems/rack-2.0.6/lib/rack/runtime.rb:22:in `call'
vendor/bundle/gems/activesupport-5.2.2/lib/active_support/cache/strategy/local_cache_middleware.rb:29:in `call'
vendor/bundle/gems/actionpack-5.2.2/lib/action_dispatch/middleware/executor.rb:14:in `call'
vendor/bundle/gems/actionpack-5.2.2/lib/action_dispatch/middleware/static.rb:127:in `call'
vendor/bundle/gems/rack-2.0.6/lib/rack/sendfile.rb:111:in `call'
vendor/bundle/gems/railties-5.2.2/lib/rails/engine.rb:524:in `call'
vendor/bundle/gems/puma-3.12.0/lib/puma/configuration.rb:225:in `call'
vendor/bundle/gems/puma-3.12.0/lib/puma/server.rb:658:in `handle_request'
vendor/bundle/gems/puma-3.12.0/lib/puma/server.rb:472:in `process_client'
vendor/bundle/gems/puma-3.12.0/lib/puma/server.rb:332:in `block in run'
vendor/bundle/gems/puma-3.12.0/lib/puma/thread_pool.rb:133:in `block in spawn_thread'
Started GET "/sessions/new" for 127.0.0.1 at 2019-03-08 13:08:16 +0530
Processing by SessionsController#new as HTML
  Rendering sessions/new.html.erb within layouts/application
  Rendered sessions/new.html.erb within layouts/application (109.6ms)
Completed 500 Internal Server Error in 116ms (ActiveRecord: 0.0ms)


  
ActionView::Template::Error (undefined local variable or method `“Login”' for #<#<Class:0x007fc1ea7ace08>:0x007fc1ea733260>):
    10:     <%= password_field_tag :password %>
    11:   </div>
    12:   <div class=”actions”>
    13:     <%= submit_tag “Login” %>
    14:   </div>
    15: <% end %>
  
app/views/sessions/new.html.erb:13:in `block in _app_views_sessions_new_html_erb__327203900091797700_70235419667420'
app/views/sessions/new.html.erb:3:in `_app_views_sessions_new_html_erb__327203900091797700_70235419667420'
Started GET "/sessions/new" for 127.0.0.1 at 2019-03-08 13:08:47 +0530
Processing by SessionsController#new as HTML
  Rendering sessions/new.html.erb within layouts/application
  Rendered sessions/new.html.erb within layouts/application (1.6ms)
Completed 200 OK in 43ms (Views: 41.3ms | ActiveRecord: 0.0ms)


Started POST "/sessions" for 127.0.0.1 at 2019-03-08 13:08:53 +0530
Processing by SessionsController#create as HTML
  Parameters: {"utf8"=>"✓", "authenticity_token"=>"WRcrd+zYfj3N23gvqVf0nsRSv1fEBC6eHPNATCUZpMIBnMiLMoYaGLguoJA4iq5r/FIFV0I4SKpOYMq3JDNf2w==", "email"=>"anujvicky801@gmail.com", "password"=>"[FILTERED]", "commit"=>"Login"}
  [1m[36mUser Load (1.8ms)[0m  [1m[34mSELECT  `users`.* FROM `users` WHERE `users`.`email` = 'anujvicky801@gmail.com' LIMIT 1[0m
  ↳ app/controllers/sessions_controller.rb:5
  Rendering sessions/new.html.erb within layouts/application
  Rendered sessions/new.html.erb within layouts/application (3.3ms)
Completed 200 OK in 62ms (Views: 54.4ms | ActiveRecord: 3.2ms)


Started POST "/sessions" for 127.0.0.1 at 2019-03-08 13:09:00 +0530
Processing by SessionsController#create as HTML
  Parameters: {"utf8"=>"✓", "authenticity_token"=>"m8OcBuFNO2SQi0hJ8kj8BbiKQ35RzTjqVVU5dCmplbbDSH/6PxNfQeV+kPZjlabwgIr5ftfxXt4HxrOPKINurw==", "email"=>"anujvicky801@gmail.com", "password"=>"[FILTERED]", "commit"=>"Login"}
  [1m[36mUser Load (1.0ms)[0m  [1m[34mSELECT  `users`.* FROM `users` WHERE `users`.`email` = 'anujvicky801@gmail.com' LIMIT 1[0m
  ↳ app/controllers/sessions_controller.rb:5
  Rendering sessions/new.html.erb within layouts/application
  Rendered sessions/new.html.erb within layouts/application (2.4ms)
Completed 200 OK in 60ms (Views: 56.9ms | ActiveRecord: 1.0ms)


Started POST "/sessions" for 127.0.0.1 at 2019-03-08 13:09:05 +0530
Processing by SessionsController#create as HTML
  Parameters: {"utf8"=>"✓", "authenticity_token"=>"JduOwnEi1H1Z8eREiOwth4onkS3LropF2O/kiua9YRB9UG0+r3ywWCwEPPsZMXdysicrLU2S7HGKfG5x55eaCQ==", "email"=>"anujvicky801@gmail.com", "password"=>"[FILTERED]", "commit"=>"Login"}
  [1m[36mUser Load (0.6ms)[0m  [1m[34mSELECT  `users`.* FROM `users` WHERE `users`.`email` = 'anujvicky801@gmail.com' LIMIT 1[0m
  ↳ app/controllers/sessions_controller.rb:5
  Rendering sessions/new.html.erb within layouts/application
  Rendered sessions/new.html.erb within layouts/application (2.2ms)
Completed 200 OK in 43ms (Views: 38.8ms | ActiveRecord: 0.6ms)


Started GET "/sessions" for 127.0.0.1 at 2019-03-08 13:09:43 +0530
  
ActionController::RoutingError (No route matches [GET] "/sessions"):
  
vendor/bundle/gems/actionpack-5.2.2/lib/action_dispatch/middleware/debug_exceptions.rb:65:in `call'
vendor/bundle/gems/web-console-3.7.0/lib/web_console/middleware.rb:135:in `call_app'
vendor/bundle/gems/web-console-3.7.0/lib/web_console/middleware.rb:30:in `block in call'
vendor/bundle/gems/web-console-3.7.0/lib/web_console/middleware.rb:20:in `catch'
vendor/bundle/gems/web-console-3.7.0/lib/web_console/middleware.rb:20:in `call'
vendor/bundle/gems/actionpack-5.2.2/lib/action_dispatch/middleware/show_exceptions.rb:33:in `call'
vendor/bundle/gems/railties-5.2.2/lib/rails/rack/logger.rb:38:in `call_app'
vendor/bundle/gems/railties-5.2.2/lib/rails/rack/logger.rb:26:in `block in call'
vendor/bundle/gems/activesupport-5.2.2/lib/active_support/tagged_logging.rb:71:in `block in tagged'
vendor/bundle/gems/activesupport-5.2.2/lib/active_support/tagged_logging.rb:28:in `tagged'
vendor/bundle/gems/activesupport-5.2.2/lib/active_support/tagged_logging.rb:71:in `tagged'
vendor/bundle/gems/railties-5.2.2/lib/rails/rack/logger.rb:26:in `call'
vendor/bundle/gems/sprockets-rails-3.2.1/lib/sprockets/rails/quiet_assets.rb:13:in `call'
vendor/bundle/gems/actionpack-5.2.2/lib/action_dispatch/middleware/remote_ip.rb:81:in `call'
vendor/bundle/gems/actionpack-5.2.2/lib/action_dispatch/middleware/request_id.rb:27:in `call'
vendor/bundle/gems/rack-2.0.6/lib/rack/method_override.rb:22:in `call'
vendor/bundle/gems/rack-2.0.6/lib/rack/runtime.rb:22:in `call'
vendor/bundle/gems/activesupport-5.2.2/lib/active_support/cache/strategy/local_cache_middleware.rb:29:in `call'
vendor/bundle/gems/actionpack-5.2.2/lib/action_dispatch/middleware/executor.rb:14:in `call'
vendor/bundle/gems/actionpack-5.2.2/lib/action_dispatch/middleware/static.rb:127:in `call'
vendor/bundle/gems/rack-2.0.6/lib/rack/sendfile.rb:111:in `call'
vendor/bundle/gems/railties-5.2.2/lib/rails/engine.rb:524:in `call'
vendor/bundle/gems/puma-3.12.0/lib/puma/configuration.rb:225:in `call'
vendor/bundle/gems/puma-3.12.0/lib/puma/server.rb:658:in `handle_request'
vendor/bundle/gems/puma-3.12.0/lib/puma/server.rb:472:in `process_client'
vendor/bundle/gems/puma-3.12.0/lib/puma/server.rb:332:in `block in run'
vendor/bundle/gems/puma-3.12.0/lib/puma/thread_pool.rb:133:in `block in spawn_thread'
Started GET "/login" for 127.0.0.1 at 2019-03-08 13:09:59 +0530
  
ActionController::RoutingError (No route matches [GET] "/login"):
  
vendor/bundle/gems/actionpack-5.2.2/lib/action_dispatch/middleware/debug_exceptions.rb:65:in `call'
vendor/bundle/gems/web-console-3.7.0/lib/web_console/middleware.rb:135:in `call_app'
vendor/bundle/gems/web-console-3.7.0/lib/web_console/middleware.rb:30:in `block in call'
vendor/bundle/gems/web-console-3.7.0/lib/web_console/middleware.rb:20:in `catch'
vendor/bundle/gems/web-console-3.7.0/lib/web_console/middleware.rb:20:in `call'
vendor/bundle/gems/actionpack-5.2.2/lib/action_dispatch/middleware/show_exceptions.rb:33:in `call'
vendor/bundle/gems/railties-5.2.2/lib/rails/rack/logger.rb:38:in `call_app'
vendor/bundle/gems/railties-5.2.2/lib/rails/rack/logger.rb:26:in `block in call'
vendor/bundle/gems/activesupport-5.2.2/lib/active_support/tagged_logging.rb:71:in `block in tagged'
vendor/bundle/gems/activesupport-5.2.2/lib/active_support/tagged_logging.rb:28:in `tagged'
vendor/bundle/gems/activesupport-5.2.2/lib/active_support/tagged_logging.rb:71:in `tagged'
vendor/bundle/gems/railties-5.2.2/lib/rails/rack/logger.rb:26:in `call'
vendor/bundle/gems/sprockets-rails-3.2.1/lib/sprockets/rails/quiet_assets.rb:13:in `call'
vendor/bundle/gems/actionpack-5.2.2/lib/action_dispatch/middleware/remote_ip.rb:81:in `call'
vendor/bundle/gems/actionpack-5.2.2/lib/action_dispatch/middleware/request_id.rb:27:in `call'
vendor/bundle/gems/rack-2.0.6/lib/rack/method_override.rb:22:in `call'
vendor/bundle/gems/rack-2.0.6/lib/rack/runtime.rb:22:in `call'
vendor/bundle/gems/activesupport-5.2.2/lib/active_support/cache/strategy/local_cache_middleware.rb:29:in `call'
vendor/bundle/gems/actionpack-5.2.2/lib/action_dispatch/middleware/executor.rb:14:in `call'
vendor/bundle/gems/actionpack-5.2.2/lib/action_dispatch/middleware/static.rb:127:in `call'
vendor/bundle/gems/rack-2.0.6/lib/rack/sendfile.rb:111:in `call'
vendor/bundle/gems/railties-5.2.2/lib/rails/engine.rb:524:in `call'
vendor/bundle/gems/puma-3.12.0/lib/puma/configuration.rb:225:in `call'
vendor/bundle/gems/puma-3.12.0/lib/puma/server.rb:658:in `handle_request'
vendor/bundle/gems/puma-3.12.0/lib/puma/server.rb:472:in `process_client'
vendor/bundle/gems/puma-3.12.0/lib/puma/server.rb:332:in `block in run'
vendor/bundle/gems/puma-3.12.0/lib/puma/thread_pool.rb:133:in `block in spawn_thread'
Started GET "/sessions/new" for 127.0.0.1 at 2019-03-08 13:10:07 +0530
Processing by SessionsController#new as HTML
  Rendering sessions/new.html.erb within layouts/application
  Rendered sessions/new.html.erb within layouts/application (2.5ms)
Completed 200 OK in 41ms (Views: 39.5ms | ActiveRecord: 0.0ms)


Started POST "/sessions" for 127.0.0.1 at 2019-03-08 13:10:26 +0530
Processing by SessionsController#create as HTML
  Parameters: {"utf8"=>"✓", "authenticity_token"=>"HncyxEt3lcsRkwbqKGWCRFHc/ipJynwBdHn7HpTHOrpG/NE4lSnx7mRm3lW5uNixadxEKs/2GjUm6nHlle3Bow==", "email"=>"anujvicky801@gmail.com", "password"=>"[FILTERED]", "commit"=>"Login"}
  [1m[36mUser Load (0.5ms)[0m  [1m[34mSELECT  `users`.* FROM `users` WHERE `users`.`email` = 'anujvicky801@gmail.com' LIMIT 1[0m
  ↳ app/controllers/sessions_controller.rb:5
  Rendering sessions/new.html.erb within layouts/application
  Rendered sessions/new.html.erb within layouts/application (1.6ms)
Completed 200 OK in 24ms (Views: 22.2ms | ActiveRecord: 0.5ms)


Started POST "/sessions" for 127.0.0.1 at 2019-03-08 13:10:38 +0530
Processing by SessionsController#create as HTML
  Parameters: {"utf8"=>"✓", "authenticity_token"=>"V0sj44upItPu3BEF5QKsQXAihV3FjA4PeEkqH34MuIoPwMAfVfdG9pspybp03/a0SCI/XUOwaDsq2qDkfyZDkw==", "email"=>"anujvicky801@gmail.com", "password"=>"[FILTERED]", "commit"=>"Login"}
  [1m[36mUser Load (0.3ms)[0m  [1m[34mSELECT  `users`.* FROM `users` WHERE `users`.`email` = 'anujvicky801@gmail.com' LIMIT 1[0m
  ↳ app/controllers/sessions_controller.rb:5
  Rendering sessions/new.html.erb within layouts/application
  Rendered sessions/new.html.erb within layouts/application (1.5ms)
Completed 200 OK in 26ms (Views: 24.4ms | ActiveRecord: 0.3ms)


Started GET "/login" for 127.0.0.1 at 2019-03-08 13:12:48 +0530
  
ArgumentError (' users' is not a supported controller name. This can lead to potential routing problems. See http://guides.rubyonrails.org/routing.html#specifying-a-controller-to-use):
  
config/routes.rb:8:in `block in <main>'
config/routes.rb:1:in `<main>'
Started GET "/sessions" for 127.0.0.1 at 2019-03-08 13:12:57 +0530
  
ActionController::RoutingError (No route matches [GET] "/sessions"):
  
vendor/bundle/gems/actionpack-5.2.2/lib/action_dispatch/middleware/debug_exceptions.rb:65:in `call'
vendor/bundle/gems/web-console-3.7.0/lib/web_console/middleware.rb:135:in `call_app'
vendor/bundle/gems/web-console-3.7.0/lib/web_console/middleware.rb:30:in `block in call'
vendor/bundle/gems/web-console-3.7.0/lib/web_console/middleware.rb:20:in `catch'
vendor/bundle/gems/web-console-3.7.0/lib/web_console/middleware.rb:20:in `call'
vendor/bundle/gems/actionpack-5.2.2/lib/action_dispatch/middleware/show_exceptions.rb:33:in `call'
vendor/bundle/gems/railties-5.2.2/lib/rails/rack/logger.rb:38:in `call_app'
vendor/bundle/gems/railties-5.2.2/lib/rails/rack/logger.rb:26:in `block in call'
vendor/bundle/gems/activesupport-5.2.2/lib/active_support/tagged_logging.rb:71:in `block in tagged'
vendor/bundle/gems/activesupport-5.2.2/lib/active_support/tagged_logging.rb:28:in `tagged'
vendor/bundle/gems/activesupport-5.2.2/lib/active_support/tagged_logging.rb:71:in `tagged'
vendor/bundle/gems/railties-5.2.2/lib/rails/rack/logger.rb:26:in `call'
vendor/bundle/gems/sprockets-rails-3.2.1/lib/sprockets/rails/quiet_assets.rb:13:in `call'
vendor/bundle/gems/actionpack-5.2.2/lib/action_dispatch/middleware/remote_ip.rb:81:in `call'
vendor/bundle/gems/actionpack-5.2.2/lib/action_dispatch/middleware/request_id.rb:27:in `call'
vendor/bundle/gems/rack-2.0.6/lib/rack/method_override.rb:22:in `call'
vendor/bundle/gems/rack-2.0.6/lib/rack/runtime.rb:22:in `call'
vendor/bundle/gems/activesupport-5.2.2/lib/active_support/cache/strategy/local_cache_middleware.rb:29:in `call'
vendor/bundle/gems/actionpack-5.2.2/lib/action_dispatch/middleware/executor.rb:14:in `call'
vendor/bundle/gems/actionpack-5.2.2/lib/action_dispatch/middleware/static.rb:127:in `call'
vendor/bundle/gems/rack-2.0.6/lib/rack/sendfile.rb:111:in `call'
vendor/bundle/gems/railties-5.2.2/lib/rails/engine.rb:524:in `call'
vendor/bundle/gems/puma-3.12.0/lib/puma/configuration.rb:225:in `call'
vendor/bundle/gems/puma-3.12.0/lib/puma/server.rb:658:in `handle_request'
vendor/bundle/gems/puma-3.12.0/lib/puma/server.rb:472:in `process_client'
vendor/bundle/gems/puma-3.12.0/lib/puma/server.rb:332:in `block in run'
vendor/bundle/gems/puma-3.12.0/lib/puma/thread_pool.rb:133:in `block in spawn_thread'
Started GET "/sessions/new" for 127.0.0.1 at 2019-03-08 13:13:12 +0530
Processing by SessionsController#new as HTML
  Rendering sessions/new.html.erb within layouts/application
  Rendered sessions/new.html.erb within layouts/application (1.6ms)
Completed 200 OK in 33ms (Views: 31.5ms | ActiveRecord: 0.0ms)


Started POST "/sessions" for 127.0.0.1 at 2019-03-08 13:13:18 +0530
Processing by SessionsController#create as HTML
  Parameters: {"utf8"=>"✓", "authenticity_token"=>"gUaPumfS+cLQUFWyr7vqytb1en+P6XdP/8NgLZtDZCjZzWxGuYyd56WljQ0+ZrA/7vXAfwnVEXutUOrWmmmfMQ==", "email"=>"anujvicky801@gmail.com", "password"=>"[FILTERED]", "commit"=>"Login"}
  [1m[36mUser Load (0.9ms)[0m  [1m[34mSELECT  `users`.* FROM `users` WHERE `users`.`email` = 'anujvicky801@gmail.com' LIMIT 1[0m
  ↳ app/controllers/sessions_controller.rb:5
  Rendering sessions/new.html.erb within layouts/application
  Rendered sessions/new.html.erb within layouts/application (1.8ms)
Completed 200 OK in 63ms (Views: 49.7ms | ActiveRecord: 2.4ms)


Started POST "/sessions" for 127.0.0.1 at 2019-03-08 13:13:24 +0530
Processing by SessionsController#create as HTML
  Parameters: {"utf8"=>"✓", "authenticity_token"=>"RBPj9tV5pQfq+4ZlJDOkcDlXuCzQ5DPC1Eho/n6GIq8cmAAKCyfBIp8OXtq17v6FAVcCLFbYVfaG2+IFf6zZtg==", "email"=>"anujvicky801@gmail.com", "password"=>"[FILTERED]", "commit"=>"Login"}
  [1m[36mUser Load (2.4ms)[0m  [1m[34mSELECT  `users`.* FROM `users` WHERE `users`.`email` = 'anujvicky801@gmail.com' LIMIT 1[0m
  ↳ app/controllers/sessions_controller.rb:5
  Rendering sessions/new.html.erb within layouts/application
  Rendered sessions/new.html.erb within layouts/application (3.2ms)
Completed 200 OK in 44ms (Views: 38.7ms | ActiveRecord: 2.4ms)


Started GET "/sessions" for 127.0.0.1 at 2019-03-08 13:13:28 +0530
  
ActionController::RoutingError (No route matches [GET] "/sessions"):
  
vendor/bundle/gems/actionpack-5.2.2/lib/action_dispatch/middleware/debug_exceptions.rb:65:in `call'
vendor/bundle/gems/web-console-3.7.0/lib/web_console/middleware.rb:135:in `call_app'
vendor/bundle/gems/web-console-3.7.0/lib/web_console/middleware.rb:30:in `block in call'
vendor/bundle/gems/web-console-3.7.0/lib/web_console/middleware.rb:20:in `catch'
vendor/bundle/gems/web-console-3.7.0/lib/web_console/middleware.rb:20:in `call'
vendor/bundle/gems/actionpack-5.2.2/lib/action_dispatch/middleware/show_exceptions.rb:33:in `call'
vendor/bundle/gems/railties-5.2.2/lib/rails/rack/logger.rb:38:in `call_app'
vendor/bundle/gems/railties-5.2.2/lib/rails/rack/logger.rb:26:in `block in call'
vendor/bundle/gems/activesupport-5.2.2/lib/active_support/tagged_logging.rb:71:in `block in tagged'
vendor/bundle/gems/activesupport-5.2.2/lib/active_support/tagged_logging.rb:28:in `tagged'
vendor/bundle/gems/activesupport-5.2.2/lib/active_support/tagged_logging.rb:71:in `tagged'
vendor/bundle/gems/railties-5.2.2/lib/rails/rack/logger.rb:26:in `call'
vendor/bundle/gems/sprockets-rails-3.2.1/lib/sprockets/rails/quiet_assets.rb:13:in `call'
vendor/bundle/gems/actionpack-5.2.2/lib/action_dispatch/middleware/remote_ip.rb:81:in `call'
vendor/bundle/gems/actionpack-5.2.2/lib/action_dispatch/middleware/request_id.rb:27:in `call'
vendor/bundle/gems/rack-2.0.6/lib/rack/method_override.rb:22:in `call'
vendor/bundle/gems/rack-2.0.6/lib/rack/runtime.rb:22:in `call'
vendor/bundle/gems/activesupport-5.2.2/lib/active_support/cache/strategy/local_cache_middleware.rb:29:in `call'
vendor/bundle/gems/actionpack-5.2.2/lib/action_dispatch/middleware/executor.rb:14:in `call'
vendor/bundle/gems/actionpack-5.2.2/lib/action_dispatch/middleware/static.rb:127:in `call'
vendor/bundle/gems/rack-2.0.6/lib/rack/sendfile.rb:111:in `call'
vendor/bundle/gems/railties-5.2.2/lib/rails/engine.rb:524:in `call'
vendor/bundle/gems/puma-3.12.0/lib/puma/configuration.rb:225:in `call'
vendor/bundle/gems/puma-3.12.0/lib/puma/server.rb:658:in `handle_request'
vendor/bundle/gems/puma-3.12.0/lib/puma/server.rb:472:in `process_client'
vendor/bundle/gems/puma-3.12.0/lib/puma/server.rb:332:in `block in run'
vendor/bundle/gems/puma-3.12.0/lib/puma/thread_pool.rb:133:in `block in spawn_thread'
Started GET "/signup" for 127.0.0.1 at 2019-03-08 13:13:36 +0530
  
ActionController::RoutingError (No route matches [GET] "/signup"):
  
vendor/bundle/gems/actionpack-5.2.2/lib/action_dispatch/middleware/debug_exceptions.rb:65:in `call'
vendor/bundle/gems/web-console-3.7.0/lib/web_console/middleware.rb:135:in `call_app'
vendor/bundle/gems/web-console-3.7.0/lib/web_console/middleware.rb:30:in `block in call'
vendor/bundle/gems/web-console-3.7.0/lib/web_console/middleware.rb:20:in `catch'
vendor/bundle/gems/web-console-3.7.0/lib/web_console/middleware.rb:20:in `call'
vendor/bundle/gems/actionpack-5.2.2/lib/action_dispatch/middleware/show_exceptions.rb:33:in `call'
vendor/bundle/gems/railties-5.2.2/lib/rails/rack/logger.rb:38:in `call_app'
vendor/bundle/gems/railties-5.2.2/lib/rails/rack/logger.rb:26:in `block in call'
vendor/bundle/gems/activesupport-5.2.2/lib/active_support/tagged_logging.rb:71:in `block in tagged'
vendor/bundle/gems/activesupport-5.2.2/lib/active_support/tagged_logging.rb:28:in `tagged'
vendor/bundle/gems/activesupport-5.2.2/lib/active_support/tagged_logging.rb:71:in `tagged'
vendor/bundle/gems/railties-5.2.2/lib/rails/rack/logger.rb:26:in `call'
vendor/bundle/gems/sprockets-rails-3.2.1/lib/sprockets/rails/quiet_assets.rb:13:in `call'
vendor/bundle/gems/actionpack-5.2.2/lib/action_dispatch/middleware/remote_ip.rb:81:in `call'
vendor/bundle/gems/actionpack-5.2.2/lib/action_dispatch/middleware/request_id.rb:27:in `call'
vendor/bundle/gems/rack-2.0.6/lib/rack/method_override.rb:22:in `call'
vendor/bundle/gems/rack-2.0.6/lib/rack/runtime.rb:22:in `call'
vendor/bundle/gems/activesupport-5.2.2/lib/active_support/cache/strategy/local_cache_middleware.rb:29:in `call'
vendor/bundle/gems/actionpack-5.2.2/lib/action_dispatch/middleware/executor.rb:14:in `call'
vendor/bundle/gems/actionpack-5.2.2/lib/action_dispatch/middleware/static.rb:127:in `call'
vendor/bundle/gems/rack-2.0.6/lib/rack/sendfile.rb:111:in `call'
vendor/bundle/gems/railties-5.2.2/lib/rails/engine.rb:524:in `call'
vendor/bundle/gems/puma-3.12.0/lib/puma/configuration.rb:225:in `call'
vendor/bundle/gems/puma-3.12.0/lib/puma/server.rb:658:in `handle_request'
vendor/bundle/gems/puma-3.12.0/lib/puma/server.rb:472:in `process_client'
vendor/bundle/gems/puma-3.12.0/lib/puma/server.rb:332:in `block in run'
vendor/bundle/gems/puma-3.12.0/lib/puma/thread_pool.rb:133:in `block in spawn_thread'
Started GET "/logout" for 127.0.0.1 at 2019-03-08 13:13:42 +0530
  
ActionController::RoutingError (No route matches [GET] "/logout"):
  
vendor/bundle/gems/actionpack-5.2.2/lib/action_dispatch/middleware/debug_exceptions.rb:65:in `call'
vendor/bundle/gems/web-console-3.7.0/lib/web_console/middleware.rb:135:in `call_app'
vendor/bundle/gems/web-console-3.7.0/lib/web_console/middleware.rb:30:in `block in call'
vendor/bundle/gems/web-console-3.7.0/lib/web_console/middleware.rb:20:in `catch'
vendor/bundle/gems/web-console-3.7.0/lib/web_console/middleware.rb:20:in `call'
vendor/bundle/gems/actionpack-5.2.2/lib/action_dispatch/middleware/show_exceptions.rb:33:in `call'
vendor/bundle/gems/railties-5.2.2/lib/rails/rack/logger.rb:38:in `call_app'
vendor/bundle/gems/railties-5.2.2/lib/rails/rack/logger.rb:26:in `block in call'
vendor/bundle/gems/activesupport-5.2.2/lib/active_support/tagged_logging.rb:71:in `block in tagged'
vendor/bundle/gems/activesupport-5.2.2/lib/active_support/tagged_logging.rb:28:in `tagged'
vendor/bundle/gems/activesupport-5.2.2/lib/active_support/tagged_logging.rb:71:in `tagged'
vendor/bundle/gems/railties-5.2.2/lib/rails/rack/logger.rb:26:in `call'
vendor/bundle/gems/sprockets-rails-3.2.1/lib/sprockets/rails/quiet_assets.rb:13:in `call'
vendor/bundle/gems/actionpack-5.2.2/lib/action_dispatch/middleware/remote_ip.rb:81:in `call'
vendor/bundle/gems/actionpack-5.2.2/lib/action_dispatch/middleware/request_id.rb:27:in `call'
vendor/bundle/gems/rack-2.0.6/lib/rack/method_override.rb:22:in `call'
vendor/bundle/gems/rack-2.0.6/lib/rack/runtime.rb:22:in `call'
vendor/bundle/gems/activesupport-5.2.2/lib/active_support/cache/strategy/local_cache_middleware.rb:29:in `call'
vendor/bundle/gems/actionpack-5.2.2/lib/action_dispatch/middleware/executor.rb:14:in `call'
vendor/bundle/gems/actionpack-5.2.2/lib/action_dispatch/middleware/static.rb:127:in `call'
vendor/bundle/gems/rack-2.0.6/lib/rack/sendfile.rb:111:in `call'
vendor/bundle/gems/railties-5.2.2/lib/rails/engine.rb:524:in `call'
vendor/bundle/gems/puma-3.12.0/lib/puma/configuration.rb:225:in `call'
vendor/bundle/gems/puma-3.12.0/lib/puma/server.rb:658:in `handle_request'
vendor/bundle/gems/puma-3.12.0/lib/puma/server.rb:472:in `process_client'
vendor/bundle/gems/puma-3.12.0/lib/puma/server.rb:332:in `block in run'
vendor/bundle/gems/puma-3.12.0/lib/puma/thread_pool.rb:133:in `block in spawn_thread'
Started GET "/signup" for 127.0.0.1 at 2019-03-08 13:14:06 +0530
  
ActionController::RoutingError (No route matches [GET] "/signup"):
  
vendor/bundle/gems/actionpack-5.2.2/lib/action_dispatch/middleware/debug_exceptions.rb:65:in `call'
vendor/bundle/gems/web-console-3.7.0/lib/web_console/middleware.rb:135:in `call_app'
vendor/bundle/gems/web-console-3.7.0/lib/web_console/middleware.rb:30:in `block in call'
vendor/bundle/gems/web-console-3.7.0/lib/web_console/middleware.rb:20:in `catch'
vendor/bundle/gems/web-console-3.7.0/lib/web_console/middleware.rb:20:in `call'
vendor/bundle/gems/actionpack-5.2.2/lib/action_dispatch/middleware/show_exceptions.rb:33:in `call'
vendor/bundle/gems/railties-5.2.2/lib/rails/rack/logger.rb:38:in `call_app'
vendor/bundle/gems/railties-5.2.2/lib/rails/rack/logger.rb:26:in `block in call'
vendor/bundle/gems/activesupport-5.2.2/lib/active_support/tagged_logging.rb:71:in `block in tagged'
vendor/bundle/gems/activesupport-5.2.2/lib/active_support/tagged_logging.rb:28:in `tagged'
vendor/bundle/gems/activesupport-5.2.2/lib/active_support/tagged_logging.rb:71:in `tagged'
vendor/bundle/gems/railties-5.2.2/lib/rails/rack/logger.rb:26:in `call'
vendor/bundle/gems/sprockets-rails-3.2.1/lib/sprockets/rails/quiet_assets.rb:13:in `call'
vendor/bundle/gems/actionpack-5.2.2/lib/action_dispatch/middleware/remote_ip.rb:81:in `call'
vendor/bundle/gems/actionpack-5.2.2/lib/action_dispatch/middleware/request_id.rb:27:in `call'
vendor/bundle/gems/rack-2.0.6/lib/rack/method_override.rb:22:in `call'
vendor/bundle/gems/rack-2.0.6/lib/rack/runtime.rb:22:in `call'
vendor/bundle/gems/activesupport-5.2.2/lib/active_support/cache/strategy/local_cache_middleware.rb:29:in `call'
vendor/bundle/gems/actionpack-5.2.2/lib/action_dispatch/middleware/executor.rb:14:in `call'
vendor/bundle/gems/actionpack-5.2.2/lib/action_dispatch/middleware/static.rb:127:in `call'
vendor/bundle/gems/rack-2.0.6/lib/rack/sendfile.rb:111:in `call'
vendor/bundle/gems/railties-5.2.2/lib/rails/engine.rb:524:in `call'
vendor/bundle/gems/puma-3.12.0/lib/puma/configuration.rb:225:in `call'
vendor/bundle/gems/puma-3.12.0/lib/puma/server.rb:658:in `handle_request'
vendor/bundle/gems/puma-3.12.0/lib/puma/server.rb:472:in `process_client'
vendor/bundle/gems/puma-3.12.0/lib/puma/server.rb:332:in `block in run'
vendor/bundle/gems/puma-3.12.0/lib/puma/thread_pool.rb:133:in `block in spawn_thread'
Started GET "/signup" for 127.0.0.1 at 2019-03-08 13:19:01 +0530
  [1m[35m (0.3ms)[0m  [1m[35mSET  @@SESSION.sql_mode = CONCAT(CONCAT(@@sql_mode, ',STRICT_ALL_TABLES'), ',NO_AUTO_VALUE_ON_ZERO'),  @@SESSION.sql_auto_is_null = 0, @@SESSION.wait_timeout = 2147483[0m
  ↳ vendor/bundle/gems/activerecord-5.2.2/lib/active_record/log_subscriber.rb:98
  [1m[35m (0.2ms)[0m  [1m[34mSELECT `schema_migrations`.`version` FROM `schema_migrations` ORDER BY `schema_migrations`.`version` ASC[0m
  ↳ vendor/bundle/gems/activerecord-5.2.2/lib/active_record/log_subscriber.rb:98
Processing by UsersController#new as HTML
  Rendering users/new.html.erb within layouts/application
  Rendered users/_form.html.erb (6.6ms)
  Rendered users/new.html.erb within layouts/application (7.9ms)
Completed 200 OK in 267ms (Views: 249.5ms | ActiveRecord: 1.3ms)


Started GET "/users" for 127.0.0.1 at 2019-03-08 13:19:04 +0530
Processing by UsersController#index as HTML
  Rendering users/index.html.erb within layouts/application
  [1m[36mUser Load (0.6ms)[0m  [1m[34mSELECT `users`.* FROM `users`[0m
  ↳ app/views/users/index.html.erb:14
  Rendered users/index.html.erb within layouts/application (4.8ms)
Completed 200 OK in 47ms (Views: 44.7ms | ActiveRecord: 0.6ms)


Started GET "/login" for 127.0.0.1 at 2019-03-08 13:19:12 +0530
Processing by SessionsController#new as HTML
  Rendering sessions/new.html.erb within layouts/application
  Rendered sessions/new.html.erb within layouts/application (1.8ms)
Completed 200 OK in 43ms (Views: 40.2ms | ActiveRecord: 0.0ms)


Started POST "/sessions" for 127.0.0.1 at 2019-03-08 13:19:20 +0530
Processing by SessionsController#create as HTML
  Parameters: {"utf8"=>"✓", "authenticity_token"=>"owRC5bSPp/UOnkSEOTJy2Sy85NwlCgHVNoumdbP0/VGlvf/hHa6yeAh3QyPcVIqwr57JB3PWIgWraBk1td5LlQ==", "email"=>"anujvicky801@gmail.com", "password"=>"[FILTERED]", "commit"=>"Login"}
  [1m[36mUser Load (0.5ms)[0m  [1m[34mSELECT  `users`.* FROM `users` WHERE `users`.`email` = 'anujvicky801@gmail.com' LIMIT 1[0m
  ↳ app/controllers/sessions_controller.rb:5
  Rendering sessions/new.html.erb within layouts/application
  Rendered sessions/new.html.erb within layouts/application (1.4ms)
Completed 200 OK in 36ms (Views: 30.7ms | ActiveRecord: 0.5ms)


Started POST "/sessions" for 127.0.0.1 at 2019-03-08 13:19:27 +0530
Processing by SessionsController#create as HTML
  Parameters: {"utf8"=>"✓", "authenticity_token"=>"/9pWfep7EhjoGAq2LhqTV1oHcl7AZPnMR25GVbi8IOD5Y+t5Q1oHle7xDRHLfGs+2SVfhZa42hzajfkVvpaWJA==", "email"=>"anujvicky801@gmail.com", "password"=>"[FILTERED]", "commit"=>"Login"}
  [1m[36mUser Load (0.6ms)[0m  [1m[34mSELECT  `users`.* FROM `users` WHERE `users`.`email` = 'anujvicky801@gmail.com' LIMIT 1[0m
  ↳ app/controllers/sessions_controller.rb:5
  Rendering sessions/new.html.erb within layouts/application
  Rendered sessions/new.html.erb within layouts/application (1.5ms)
Completed 200 OK in 36ms (Views: 33.7ms | ActiveRecord: 0.6ms)


Started GET "/signup" for 127.0.0.1 at 2019-03-08 13:19:33 +0530
Processing by UsersController#new as HTML
  Rendering users/new.html.erb within layouts/application
  Rendered users/_form.html.erb (7.9ms)
  Rendered users/new.html.erb within layouts/application (9.9ms)
Completed 200 OK in 74ms (Views: 71.4ms | ActiveRecord: 0.0ms)


Started POST "/users" for 127.0.0.1 at 2019-03-08 13:19:46 +0530
Processing by UsersController#create as HTML
  Parameters: {"utf8"=>"✓", "authenticity_token"=>"THyFEsERiAADQZmX7lFMZAdukXtWvjYsatrJAaMSka5KxTgWaDCdjQWonjALN7QNhEy8oABiFfz3OXZBpTgnag==", "user"=>{"email"=>"lezwon@gmail.com", "password"=>"[FILTERED]", "password_confirmation"=>"[FILTERED]"}, "commit"=>"Create User"}
  [1m[35m (0.2ms)[0m  [1m[35mBEGIN[0m
  ↳ app/controllers/users_controller.rb:30
  [1m[36mUser Exists (0.4ms)[0m  [1m[34mSELECT  1 AS one FROM `users` WHERE `users`.`email` = BINARY 'lezwon@gmail.com' LIMIT 1[0m
  ↳ app/controllers/users_controller.rb:30
  [1m[36mUser Create (0.3ms)[0m  [1m[32mINSERT INTO `users` (`email`, `password_digest`, `created_at`, `updated_at`) VALUES ('lezwon@gmail.com', '$2a$10$Zz1ljUPoWj9TmpO2kzVN1upOD2zWDItNKs28MTEXPXLkCwphfI5zy', '2019-03-08 07:49:46', '2019-03-08 07:49:46')[0m
  ↳ app/controllers/users_controller.rb:30
  [1m[35m (85.3ms)[0m  [1m[35mCOMMIT[0m
  ↳ app/controllers/users_controller.rb:30
Redirected to http://0.0.0.0:3000/users/3
Completed 302 Found in 196ms (ActiveRecord: 86.2ms)


Started GET "/users/3" for 127.0.0.1 at 2019-03-08 13:19:46 +0530
Processing by UsersController#show as HTML
  Parameters: {"id"=>"3"}
  [1m[36mUser Load (0.7ms)[0m  [1m[34mSELECT  `users`.* FROM `users` WHERE `users`.`id` = 3 LIMIT 1[0m
  ↳ app/controllers/users_controller.rb:67
  Rendering users/show.html.erb within layouts/application
  Rendered users/show.html.erb within layouts/application (1.2ms)
Completed 200 OK in 42ms (Views: 37.0ms | ActiveRecord: 0.7ms)


Started GET "/users" for 127.0.0.1 at 2019-03-08 13:19:48 +0530
Processing by UsersController#index as HTML
  Rendering users/index.html.erb within layouts/application
  [1m[36mUser Load (0.5ms)[0m  [1m[34mSELECT `users`.* FROM `users`[0m
  ↳ app/views/users/index.html.erb:14
  Rendered users/index.html.erb within layouts/application (5.5ms)
Completed 200 OK in 56ms (Views: 52.8ms | ActiveRecord: 0.5ms)


Started GET "/users/3" for 127.0.0.1 at 2019-03-08 13:19:49 +0530
Processing by UsersController#show as HTML
  Parameters: {"id"=>"3"}
  [1m[36mUser Load (0.7ms)[0m  [1m[34mSELECT  `users`.* FROM `users` WHERE `users`.`id` = 3 LIMIT 1[0m
  ↳ app/controllers/users_controller.rb:67
  Rendering users/show.html.erb within layouts/application
  Rendered users/show.html.erb within layouts/application (1.5ms)
Completed 200 OK in 72ms (Views: 68.2ms | ActiveRecord: 0.7ms)


Started GET "/users" for 127.0.0.1 at 2019-03-08 13:19:51 +0530
Processing by UsersController#index as HTML
  Rendering users/index.html.erb within layouts/application
  [1m[36mUser Load (0.4ms)[0m  [1m[34mSELECT `users`.* FROM `users`[0m
  ↳ app/views/users/index.html.erb:14
  Rendered users/index.html.erb within layouts/application (4.1ms)
Completed 200 OK in 45ms (Views: 42.6ms | ActiveRecord: 0.4ms)


Started GET "/login" for 127.0.0.1 at 2019-03-08 13:19:58 +0530
Processing by SessionsController#new as HTML
  Rendering sessions/new.html.erb within layouts/application
  Rendered sessions/new.html.erb within layouts/application (3.2ms)
Completed 200 OK in 59ms (Views: 55.8ms | ActiveRecord: 0.0ms)


Started POST "/sessions" for 127.0.0.1 at 2019-03-08 13:20:04 +0530
Processing by SessionsController#create as HTML
  Parameters: {"utf8"=>"✓", "authenticity_token"=>"cIrb2lqArsqgoIrLjzgLU0xvh/IiqXBh/pXIedTVnKd2M2be86G7R6ZJjWxqXvM6z02qKXR1U7Fjdnc50v8qYw==", "email"=>"lezwon@gmail.com", "password"=>"[FILTERED]", "commit"=>"Login"}
  [1m[36mUser Load (0.5ms)[0m  [1m[34mSELECT  `users`.* FROM `users` WHERE `users`.`email` = 'lezwon@gmail.com' LIMIT 1[0m
  ↳ app/controllers/sessions_controller.rb:5
Redirected to http://0.0.0.0:3000/
Completed 302 Found in 94ms (ActiveRecord: 0.5ms)


Started GET "/" for 127.0.0.1 at 2019-03-08 13:20:04 +0530
Processing by HomeController#index as HTML
  Rendering home/index.html.erb within layouts/application
  [1m[36mUser Load (0.4ms)[0m  [1m[34mSELECT  `users`.* FROM `users` WHERE `users`.`id` = 3 LIMIT 1[0m
  ↳ app/controllers/application_controller.rb:6
  Rendered home/index.html.erb within layouts/application (6.5ms)
Completed 500 Internal Server Error in 10ms (ActiveRecord: 0.4ms)


  
ActionView::Template::Error (uninitialized constant Out”):
    1: <% if current_user %>
    2:   Logged in as <%= current_user.email %>.
    3:   <%= link_to “Log Out”, logout_path %>
    4: <% else %>
    5:   <%= link_to “Sign Up”, signup_path %> or
    6:   <%= link_to “Log In”, login_path %>
  
app/views/home/index.html.erb:3:in `_app_views_home_index_html_erb___2402699721459058952_70017934443920'
Started GET "/" for 127.0.0.1 at 2019-03-08 13:22:44 +0530
Processing by HomeController#index as HTML
  Rendering home/index.html.erb within layouts/application
  [1m[36mUser Load (0.4ms)[0m  [1m[34mSELECT  `users`.* FROM `users` WHERE `users`.`id` = 3 LIMIT 1[0m
  ↳ app/controllers/application_controller.rb:6
  Rendered home/index.html.erb within layouts/application (5.7ms)
Completed 500 Internal Server Error in 9ms (ActiveRecord: 0.4ms)


  
ActionView::Template::Error (uninitialized constant Out”):
    1: <% if current_user %>
    2:   Logged in as <%= current_user.email %>.
    3:   <%= link_to “Log Out”, logout %>
    4: <% else %>
    5:   <%= link_to “Sign Up”, signup %> or
    6:   <%= link_to “Log In”, login %>
  
app/views/home/index.html.erb:3:in `_app_views_home_index_html_erb___2402699721459058952_70017966617480'
Started GET "/" for 127.0.0.1 at 2019-03-08 13:22:46 +0530
Processing by HomeController#index as HTML
  Rendering home/index.html.erb within layouts/application
  [1m[36mUser Load (0.6ms)[0m  [1m[34mSELECT  `users`.* FROM `users` WHERE `users`.`id` = 3 LIMIT 1[0m
  ↳ app/controllers/application_controller.rb:6
  Rendered home/index.html.erb within layouts/application (5.8ms)
Completed 500 Internal Server Error in 9ms (ActiveRecord: 0.6ms)


  
ActionView::Template::Error (uninitialized constant Out”):
    1: <% if current_user %>
    2:   Logged in as <%= current_user.email %>.
    3:   <%= link_to “Log Out”, logout %>
    4: <% else %>
    5:   <%= link_to “Sign Up”, signup %> or
    6:   <%= link_to “Log In”, login %>
  
app/views/home/index.html.erb:3:in `_app_views_home_index_html_erb___2402699721459058952_70018016498360'
Started GET "/" for 127.0.0.1 at 2019-03-08 13:23:48 +0530
Processing by HomeController#index as HTML
  Rendering home/index.html.erb within layouts/application
  [1m[36mUser Load (0.4ms)[0m  [1m[34mSELECT  `users`.* FROM `users` WHERE `users`.`id` = 3 LIMIT 1[0m
  ↳ app/controllers/application_controller.rb:6
  Rendered home/index.html.erb within layouts/application (1.8ms)
Completed 200 OK in 36ms (Views: 34.5ms | ActiveRecord: 0.4ms)


Started GET "/logout" for 127.0.0.1 at 2019-03-08 13:23:55 +0530
Processing by SessionsController#destroy as HTML
Redirected to http://0.0.0.0:3000/
Completed 302 Found in 2ms (ActiveRecord: 0.0ms)


Started GET "/" for 127.0.0.1 at 2019-03-08 13:23:55 +0530
Processing by HomeController#index as HTML
  Rendering home/index.html.erb within layouts/application
  Rendered home/index.html.erb within layouts/application (1.6ms)
Completed 200 OK in 39ms (Views: 37.5ms | ActiveRecord: 0.0ms)


Started GET "/" for 127.0.0.1 at 2019-03-08 13:23:58 +0530
Processing by HomeController#index as HTML
  Rendering home/index.html.erb within layouts/application
  Rendered home/index.html.erb within layouts/application (0.8ms)
Completed 200 OK in 33ms (Views: 31.7ms | ActiveRecord: 0.0ms)


Started GET "/" for 127.0.0.1 at 2019-03-08 13:23:59 +0530
Processing by HomeController#index as HTML
  Rendering home/index.html.erb within layouts/application
  Rendered home/index.html.erb within layouts/application (1.3ms)
Completed 200 OK in 33ms (Views: 31.5ms | ActiveRecord: 0.0ms)


Started GET "/login" for 127.0.0.1 at 2019-03-08 13:24:14 +0530
Processing by SessionsController#new as HTML
  Rendering sessions/new.html.erb within layouts/application
  Rendered sessions/new.html.erb within layouts/application (3.0ms)
Completed 200 OK in 47ms (Views: 45.2ms | ActiveRecord: 0.0ms)


Started POST "/sessions" for 127.0.0.1 at 2019-03-08 13:24:19 +0530
Processing by SessionsController#create as HTML
  Parameters: {"utf8"=>"✓", "authenticity_token"=>"VxY0vQpR9/MDB65gYd3d4R7mOs5nFJ4IMHKrBMwqwuA5DgPA3sa/GLQ9F/yvj5BvUdO/aqxUML4cm1YF8VLjYA==", "email"=>"anujvicky801@gmail.com", "password"=>"[FILTERED]", "commit"=>"Login"}
  [1m[36mUser Load (0.6ms)[0m  [1m[34mSELECT  `users`.* FROM `users` WHERE `users`.`email` = 'anujvicky801@gmail.com' LIMIT 1[0m
  ↳ app/controllers/sessions_controller.rb:5
  Rendering sessions/new.html.erb within layouts/application
  Rendered sessions/new.html.erb within layouts/application (1.9ms)
Completed 200 OK in 37ms (Views: 34.4ms | ActiveRecord: 0.6ms)


Started POST "/sessions" for 127.0.0.1 at 2019-03-08 13:24:25 +0530
Processing by SessionsController#create as HTML
  Parameters: {"utf8"=>"✓", "authenticity_token"=>"7MMH8BysoFr6eAFZH9jmTR6miU40e76MMhgrw2w5G7Tqerr0tY211/yRBv76vh4knYSklWKnnVyv+5SDahOtcA==", "email"=>"anujvicky801@gmail.com", "password"=>"[FILTERED]", "commit"=>"Login"}
  [1m[36mUser Load (0.6ms)[0m  [1m[34mSELECT  `users`.* FROM `users` WHERE `users`.`email` = 'anujvicky801@gmail.com' LIMIT 1[0m
  ↳ app/controllers/sessions_controller.rb:5
  Rendering sessions/new.html.erb within layouts/application
  Rendered sessions/new.html.erb within layouts/application (1.8ms)
Completed 200 OK in 40ms (Views: 37.3ms | ActiveRecord: 0.6ms)


Started POST "/sessions" for 127.0.0.1 at 2019-03-08 13:24:32 +0530
Processing by SessionsController#create as HTML
  Parameters: {"utf8"=>"✓", "authenticity_token"=>"3/cC6dNjuWzh/+Mlh6BhDCSKBPjG9P5V5KkcRZeMTNnZTr/tekKs4ecW5IJixpllp6gpI5Ao3YV5SqMFkab6HQ==", "email"=>"lezwon@gmail.com", "password"=>"[FILTERED]", "commit"=>"Login"}
  [1m[36mUser Load (0.9ms)[0m  [1m[34mSELECT  `users`.* FROM `users` WHERE `users`.`email` = 'lezwon@gmail.com' LIMIT 1[0m
  ↳ app/controllers/sessions_controller.rb:5
Redirected to http://0.0.0.0:3000/
Completed 302 Found in 105ms (ActiveRecord: 0.9ms)


Started GET "/" for 127.0.0.1 at 2019-03-08 13:24:32 +0530
Processing by HomeController#index as HTML
  Rendering home/index.html.erb within layouts/application
  [1m[36mUser Load (0.4ms)[0m  [1m[34mSELECT  `users`.* FROM `users` WHERE `users`.`id` = 3 LIMIT 1[0m
  ↳ app/controllers/application_controller.rb:6
  Rendered home/index.html.erb within layouts/application (2.1ms)
Completed 200 OK in 31ms (Views: 30.1ms | ActiveRecord: 0.4ms)


Started GET "/logout" for 127.0.0.1 at 2019-03-08 13:24:42 +0530
Processing by SessionsController#destroy as HTML
Redirected to http://0.0.0.0:3000/
Completed 302 Found in 2ms (ActiveRecord: 0.0ms)


Started GET "/" for 127.0.0.1 at 2019-03-08 13:24:42 +0530
Processing by HomeController#index as HTML
  Rendering home/index.html.erb within layouts/application
  Rendered home/index.html.erb within layouts/application (1.6ms)
Completed 200 OK in 33ms (Views: 31.1ms | ActiveRecord: 0.0ms)


Started GET "/signup" for 127.0.0.1 at 2019-03-08 13:24:51 +0530
Processing by UsersController#new as HTML
  Rendering users/new.html.erb within layouts/application
  Rendered users/_form.html.erb (5.6ms)
  Rendered users/new.html.erb within layouts/application (7.6ms)
Completed 200 OK in 40ms (Views: 38.4ms | ActiveRecord: 0.0ms)


Started GET "/users" for 127.0.0.1 at 2019-03-08 13:24:58 +0530
Processing by UsersController#index as HTML
  Rendering users/index.html.erb within layouts/application
  [1m[36mUser Load (0.6ms)[0m  [1m[34mSELECT `users`.* FROM `users`[0m
  ↳ app/views/users/index.html.erb:14
  Rendered users/index.html.erb within layouts/application (4.2ms)
Completed 200 OK in 42ms (Views: 40.2ms | ActiveRecord: 0.6ms)


Started GET "/users/new" for 127.0.0.1 at 2019-03-08 13:25:01 +0530
Processing by UsersController#new as HTML
  Rendering users/new.html.erb within layouts/application
  Rendered users/_form.html.erb (4.5ms)
  Rendered users/new.html.erb within layouts/application (6.1ms)
Completed 200 OK in 49ms (Views: 47.0ms | ActiveRecord: 0.0ms)


Started POST "/users" for 127.0.0.1 at 2019-03-08 13:25:07 +0530
Processing by UsersController#create as HTML
  Parameters: {"utf8"=>"✓", "authenticity_token"=>"gXLnyGNxnaC8ks1zHEE87b5w4BogQUaWklOSxVCqlcss7sP/b0d1YxMKrLZv+UcTnTeNPpC6fd3W7Rej3iWzfQ==", "user"=>{"email"=>"anujvick801@gmail.com", "password"=>"[FILTERED]", "password_confirmation"=>"[FILTERED]"}, "commit"=>"Create User"}
  [1m[35m (0.2ms)[0m  [1m[35mBEGIN[0m
  ↳ app/controllers/users_controller.rb:30
  [1m[36mUser Exists (0.5ms)[0m  [1m[34mSELECT  1 AS one FROM `users` WHERE `users`.`email` = BINARY 'anujvick801@gmail.com' LIMIT 1[0m
  ↳ app/controllers/users_controller.rb:30
  [1m[35m (0.2ms)[0m  [1m[31mROLLBACK[0m
  ↳ app/controllers/users_controller.rb:30
  Rendering users/new.html.erb within layouts/application
  Rendered users/_form.html.erb (5.1ms)
  Rendered users/new.html.erb within layouts/application (7.1ms)
Completed 200 OK in 37ms (Views: 31.3ms | ActiveRecord: 0.8ms)


Started GET "/users" for 127.0.0.1 at 2019-03-08 13:25:13 +0530
Processing by UsersController#index as HTML
  Rendering users/index.html.erb within layouts/application
  [1m[36mUser Load (0.5ms)[0m  [1m[34mSELECT `users`.* FROM `users`[0m
  ↳ app/views/users/index.html.erb:14
  Rendered users/index.html.erb within layouts/application (5.7ms)
Completed 200 OK in 58ms (Views: 54.9ms | ActiveRecord: 0.5ms)


Started DELETE "/users/2" for 127.0.0.1 at 2019-03-08 13:25:15 +0530
Processing by UsersController#destroy as HTML
  Parameters: {"authenticity_token"=>"2ZLkYAiptiQr9XpIjt72851TEhVgS6N2BCceGNuXP5zfK1lkoYijqS0cfe9ruA6aHnE/zjaXgKaZxKFY3b2JWA==", "id"=>"2"}
  [1m[36mUser Load (0.6ms)[0m  [1m[34mSELECT  `users`.* FROM `users` WHERE `users`.`id` = 2 LIMIT 1[0m
  ↳ app/controllers/users_controller.rb:67
  [1m[35m (0.3ms)[0m  [1m[35mBEGIN[0m
  ↳ app/controllers/users_controller.rb:57
  [1m[36mUser Destroy (0.4ms)[0m  [1m[31mDELETE FROM `users` WHERE `users`.`id` = 2[0m
  ↳ app/controllers/users_controller.rb:57
  [1m[35m (49.4ms)[0m  [1m[35mCOMMIT[0m
  ↳ app/controllers/users_controller.rb:57
Redirected to http://0.0.0.0:3000/users
Completed 302 Found in 56ms (ActiveRecord: 50.7ms)


Started GET "/users" for 127.0.0.1 at 2019-03-08 13:25:15 +0530
Processing by UsersController#index as HTML
  Rendering users/index.html.erb within layouts/application
  [1m[36mUser Load (0.4ms)[0m  [1m[34mSELECT `users`.* FROM `users`[0m
  ↳ app/views/users/index.html.erb:14
  Rendered users/index.html.erb within layouts/application (2.3ms)
Completed 200 OK in 32ms (Views: 30.2ms | ActiveRecord: 0.4ms)


Started GET "/users/new" for 127.0.0.1 at 2019-03-08 13:25:19 +0530
Processing by UsersController#new as HTML
  Rendering users/new.html.erb within layouts/application
  Rendered users/_form.html.erb (6.9ms)
  Rendered users/new.html.erb within layouts/application (9.8ms)
Completed 200 OK in 53ms (Views: 51.4ms | ActiveRecord: 0.0ms)


Started POST "/users" for 127.0.0.1 at 2019-03-08 13:25:29 +0530
Processing by UsersController#create as HTML
  Parameters: {"utf8"=>"✓", "authenticity_token"=>"r8rmNHVsbVE40+KXTU5oqJCT6lbpLtkbzfavlQvhCN4CVsIDeVqFkpdLg1I+9hNWs9SHclnV4lCJSCrzhW4uaA==", "user"=>{"email"=>"anujvick801@gmail.com", "password"=>"[FILTERED]", "password_confirmation"=>"[FILTERED]"}, "commit"=>"Create User"}
  [1m[35m (0.2ms)[0m  [1m[35mBEGIN[0m
  ↳ app/controllers/users_controller.rb:30
  [1m[36mUser Exists (0.4ms)[0m  [1m[34mSELECT  1 AS one FROM `users` WHERE `users`.`email` = BINARY 'anujvick801@gmail.com' LIMIT 1[0m
  ↳ app/controllers/users_controller.rb:30
  [1m[36mUser Create (0.3ms)[0m  [1m[32mINSERT INTO `users` (`email`, `password_digest`, `created_at`, `updated_at`) VALUES ('anujvick801@gmail.com', '$2a$10$ZijCX3IffPEthCKBrKayJOUNbqZqFFckRcpAGSS6zbt2DF889iqhS', '2019-03-08 07:55:29', '2019-03-08 07:55:29')[0m
  ↳ app/controllers/users_controller.rb:30
  [1m[35m (68.3ms)[0m  [1m[35mCOMMIT[0m
  ↳ app/controllers/users_controller.rb:30
Redirected to http://0.0.0.0:3000/users/4
Completed 302 Found in 185ms (ActiveRecord: 69.2ms)


Started GET "/users/4" for 127.0.0.1 at 2019-03-08 13:25:29 +0530
Processing by UsersController#show as HTML
  Parameters: {"id"=>"4"}
  [1m[36mUser Load (0.6ms)[0m  [1m[34mSELECT  `users`.* FROM `users` WHERE `users`.`id` = 4 LIMIT 1[0m
  ↳ app/controllers/users_controller.rb:67
  Rendering users/show.html.erb within layouts/application
  Rendered users/show.html.erb within layouts/application (2.0ms)
Completed 200 OK in 43ms (Views: 39.3ms | ActiveRecord: 0.6ms)


Started GET "/users/4/edit" for 127.0.0.1 at 2019-03-08 13:25:33 +0530
Processing by UsersController#edit as HTML
  Parameters: {"id"=>"4"}
  [1m[36mUser Load (2.8ms)[0m  [1m[34mSELECT  `users`.* FROM `users` WHERE `users`.`id` = 4 LIMIT 1[0m
  ↳ app/controllers/users_controller.rb:67
  Rendering users/edit.html.erb within layouts/application
  Rendered users/_form.html.erb (9.0ms)
  Rendered users/edit.html.erb within layouts/application (12.3ms)
Completed 200 OK in 63ms (Views: 56.8ms | ActiveRecord: 2.8ms)


Started GET "/users" for 127.0.0.1 at 2019-03-08 13:25:34 +0530
Processing by UsersController#index as HTML
  Rendering users/index.html.erb within layouts/application
  [1m[36mUser Load (0.4ms)[0m  [1m[34mSELECT `users`.* FROM `users`[0m
  ↳ app/views/users/index.html.erb:14
  Rendered users/index.html.erb within layouts/application (3.9ms)
Completed 200 OK in 44ms (Views: 42.0ms | ActiveRecord: 0.4ms)


Started GET "/login" for 127.0.0.1 at 2019-03-08 13:25:39 +0530
Processing by SessionsController#new as HTML
  Rendering sessions/new.html.erb within layouts/application
  Rendered sessions/new.html.erb within layouts/application (2.5ms)
Completed 200 OK in 44ms (Views: 42.1ms | ActiveRecord: 0.0ms)


Started POST "/sessions" for 127.0.0.1 at 2019-03-08 13:25:46 +0530
Processing by SessionsController#create as HTML
  Parameters: {"utf8"=>"✓", "authenticity_token"=>"jbu+A6U+DA069Zy7Z+ZreiKRhA8WZRgyY9RrvKQqp7eLAgMHDB8ZgDwcmxyCgJMTobOp1EC5O+L+N9T8ogARcw==", "email"=>"anujvicky801@gmail.com", "password"=>"[FILTERED]", "commit"=>"Login"}
  [1m[36mUser Load (0.6ms)[0m  [1m[34mSELECT  `users`.* FROM `users` WHERE `users`.`email` = 'anujvicky801@gmail.com' LIMIT 1[0m
  ↳ app/controllers/sessions_controller.rb:5
  Rendering sessions/new.html.erb within layouts/application
  Rendered sessions/new.html.erb within layouts/application (2.1ms)
Completed 200 OK in 40ms (Views: 36.8ms | ActiveRecord: 0.6ms)


Started POST "/sessions" for 127.0.0.1 at 2019-03-08 13:25:53 +0530
Processing by SessionsController#create as HTML
  Parameters: {"utf8"=>"✓", "authenticity_token"=>"E8lXXFs2jS3QTi4BPe1rNmnaHcpMr7HXhnIs7ncccHkVcOpY8heYoNanKabYi5Nf6vgwERpzkgcbkZOucTbGvQ==", "email"=>"anujvicky801@gmail.com", "password"=>"[FILTERED]", "commit"=>"Login"}
  [1m[36mUser Load (0.6ms)[0m  [1m[34mSELECT  `users`.* FROM `users` WHERE `users`.`email` = 'anujvicky801@gmail.com' LIMIT 1[0m
  ↳ app/controllers/sessions_controller.rb:5
  Rendering sessions/new.html.erb within layouts/application
  Rendered sessions/new.html.erb within layouts/application (2.1ms)
Completed 200 OK in 38ms (Views: 35.2ms | ActiveRecord: 0.6ms)


Started POST "/sessions" for 127.0.0.1 at 2019-03-08 13:25:59 +0530
Processing by SessionsController#create as HTML
  Parameters: {"utf8"=>"✓", "authenticity_token"=>"9+ovM9z3Mh6Hfu7hgD/r6h0sK4j8sA55sjOVWsLHFnPxU5I3ddYnk4GX6UZlWRODng4GU6psLakv0CoaxO2gtw==", "email"=>"lezwon@gmail.com", "password"=>"[FILTERED]", "commit"=>"Login"}
  [1m[36mUser Load (1.0ms)[0m  [1m[34mSELECT  `users`.* FROM `users` WHERE `users`.`email` = 'lezwon@gmail.com' LIMIT 1[0m
  ↳ app/controllers/sessions_controller.rb:5
Redirected to http://0.0.0.0:3000/
Completed 302 Found in 121ms (ActiveRecord: 1.0ms)


Started GET "/" for 127.0.0.1 at 2019-03-08 13:26:00 +0530
Processing by HomeController#index as HTML
  Rendering home/index.html.erb within layouts/application
  [1m[36mUser Load (0.5ms)[0m  [1m[34mSELECT  `users`.* FROM `users` WHERE `users`.`id` = 3 LIMIT 1[0m
  ↳ app/controllers/application_controller.rb:6
  Rendered home/index.html.erb within layouts/application (2.1ms)
Completed 200 OK in 29ms (Views: 27.7ms | ActiveRecord: 0.5ms)


Started GET "/logout" for 127.0.0.1 at 2019-03-08 13:26:02 +0530
Processing by SessionsController#destroy as HTML
Redirected to http://0.0.0.0:3000/
Completed 302 Found in 2ms (ActiveRecord: 0.0ms)


Started GET "/" for 127.0.0.1 at 2019-03-08 13:26:02 +0530
Processing by HomeController#index as HTML
  Rendering home/index.html.erb within layouts/application
  Rendered home/index.html.erb within layouts/application (0.9ms)
Completed 200 OK in 28ms (Views: 27.4ms | ActiveRecord: 0.0ms)


Started GET "/signup" for 127.0.0.1 at 2019-03-08 13:26:04 +0530
Processing by UsersController#new as HTML
  Rendering users/new.html.erb within layouts/application
  Rendered users/_form.html.erb (9.3ms)
  Rendered users/new.html.erb within layouts/application (12.3ms)
Completed 200 OK in 60ms (Views: 57.7ms | ActiveRecord: 0.0ms)


Started GET "/users" for 127.0.0.1 at 2019-03-08 13:26:06 +0530
Processing by UsersController#index as HTML
  Rendering users/index.html.erb within layouts/application
  [1m[36mUser Load (0.5ms)[0m  [1m[34mSELECT `users`.* FROM `users`[0m
  ↳ app/views/users/index.html.erb:14
  Rendered users/index.html.erb within layouts/application (3.9ms)
Completed 200 OK in 37ms (Views: 35.3ms | ActiveRecord: 0.5ms)


Started DELETE "/users/4" for 127.0.0.1 at 2019-03-08 13:26:09 +0530
Processing by UsersController#destroy as HTML
  Parameters: {"authenticity_token"=>"6jn5Ki+X8AssvtrGzfk4E1sAAde4KI220cDxqbzmNSbsgEQuhrblhipX3WEon8B62CIsDO70rmZMI07pusyD4g==", "id"=>"4"}
  [1m[36mUser Load (0.5ms)[0m  [1m[34mSELECT  `users`.* FROM `users` WHERE `users`.`id` = 4 LIMIT 1[0m
  ↳ app/controllers/users_controller.rb:67
  [1m[35m (0.3ms)[0m  [1m[35mBEGIN[0m
  ↳ app/controllers/users_controller.rb:57
  [1m[36mUser Destroy (0.4ms)[0m  [1m[31mDELETE FROM `users` WHERE `users`.`id` = 4[0m
  ↳ app/controllers/users_controller.rb:57
  [1m[35m (69.9ms)[0m  [1m[35mCOMMIT[0m
  ↳ app/controllers/users_controller.rb:57
Redirected to http://0.0.0.0:3000/users
Completed 302 Found in 75ms (ActiveRecord: 71.1ms)


Started GET "/users" for 127.0.0.1 at 2019-03-08 13:26:09 +0530
Processing by UsersController#index as HTML
  Rendering users/index.html.erb within layouts/application
  [1m[36mUser Load (0.5ms)[0m  [1m[34mSELECT `users`.* FROM `users`[0m
  ↳ app/views/users/index.html.erb:14
  Rendered users/index.html.erb within layouts/application (2.4ms)
Completed 200 OK in 27ms (Views: 25.7ms | ActiveRecord: 0.5ms)


Started GET "/users/new" for 127.0.0.1 at 2019-03-08 13:26:10 +0530
Processing by UsersController#new as HTML
  Rendering users/new.html.erb within layouts/application
  Rendered users/_form.html.erb (6.3ms)
  Rendered users/new.html.erb within layouts/application (8.5ms)
Completed 200 OK in 42ms (Views: 40.6ms | ActiveRecord: 0.0ms)


Started POST "/users" for 127.0.0.1 at 2019-03-08 13:26:27 +0530
Processing by UsersController#create as HTML
  Parameters: {"utf8"=>"✓", "authenticity_token"=>"UPJCUHTnzz6ie8IYQtXmlpTh9d2slIzgyph/4zJD5or9bmZneNEn/Q3jo90xbZ1ot6aY+Rxvt6uOJvqFvMzAPA==", "user"=>{"email"=>"anujvicky801@gmail.com", "password"=>"[FILTERED]", "password_confirmation"=>"[FILTERED]"}, "commit"=>"Create User"}
  [1m[35m (0.2ms)[0m  [1m[35mBEGIN[0m
  ↳ app/controllers/users_controller.rb:30
  [1m[36mUser Exists (0.4ms)[0m  [1m[34mSELECT  1 AS one FROM `users` WHERE `users`.`email` = BINARY 'anujvicky801@gmail.com' LIMIT 1[0m
  ↳ app/controllers/users_controller.rb:30
  [1m[36mUser Create (0.5ms)[0m  [1m[32mINSERT INTO `users` (`email`, `password_digest`, `created_at`, `updated_at`) VALUES ('anujvicky801@gmail.com', '$2a$10$ddQ9hkeE05N10vjQrIuQ6utYc84s.29bx6oWWU186ubTr/O1fN5MK', '2019-03-08 07:56:27', '2019-03-08 07:56:27')[0m
  ↳ app/controllers/users_controller.rb:30
  [1m[35m (64.1ms)[0m  [1m[35mCOMMIT[0m
  ↳ app/controllers/users_controller.rb:30
Redirected to http://0.0.0.0:3000/users/5
Completed 302 Found in 182ms (ActiveRecord: 65.2ms)


Started GET "/users/5" for 127.0.0.1 at 2019-03-08 13:26:27 +0530
Processing by UsersController#show as HTML
  Parameters: {"id"=>"5"}
  [1m[36mUser Load (0.5ms)[0m  [1m[34mSELECT  `users`.* FROM `users` WHERE `users`.`id` = 5 LIMIT 1[0m
  ↳ app/controllers/users_controller.rb:67
  Rendering users/show.html.erb within layouts/application
  Rendered users/show.html.erb within layouts/application (1.0ms)
Completed 200 OK in 32ms (Views: 28.6ms | ActiveRecord: 0.5ms)


Started GET "/users" for 127.0.0.1 at 2019-03-08 13:26:29 +0530
Processing by UsersController#index as HTML
  Rendering users/index.html.erb within layouts/application
  [1m[36mUser Load (0.7ms)[0m  [1m[34mSELECT `users`.* FROM `users`[0m
  ↳ app/views/users/index.html.erb:14
  Rendered users/index.html.erb within layouts/application (4.3ms)
Completed 200 OK in 41ms (Views: 38.9ms | ActiveRecord: 0.7ms)


Started GET "/login" for 127.0.0.1 at 2019-03-08 13:26:32 +0530
Processing by SessionsController#new as HTML
  Rendering sessions/new.html.erb within layouts/application
  Rendered sessions/new.html.erb within layouts/application (2.6ms)
Completed 200 OK in 44ms (Views: 42.0ms | ActiveRecord: 0.0ms)


Started POST "/sessions" for 127.0.0.1 at 2019-03-08 13:26:40 +0530
Processing by SessionsController#create as HTML
  Parameters: {"utf8"=>"✓", "authenticity_token"=>"Eb7lVGLdVK8OtEjXaLy3ZqXmlE/tEQq20Fdsq9Uaq3oXB1hQy/xBIghdT3CN2k8PJsS5lLvNKWZNtNPr0zAdvg==", "email"=>"anujvicky801@gmail.com", "password"=>"[FILTERED]", "commit"=>"Login"}
  [1m[36mUser Load (0.5ms)[0m  [1m[34mSELECT  `users`.* FROM `users` WHERE `users`.`email` = 'anujvicky801@gmail.com' LIMIT 1[0m
  ↳ app/controllers/sessions_controller.rb:5
Redirected to http://0.0.0.0:3000/
Completed 302 Found in 109ms (ActiveRecord: 0.5ms)


Started GET "/" for 127.0.0.1 at 2019-03-08 13:26:40 +0530
Processing by HomeController#index as HTML
  Rendering home/index.html.erb within layouts/application
  [1m[36mUser Load (0.4ms)[0m  [1m[34mSELECT  `users`.* FROM `users` WHERE `users`.`id` = 5 LIMIT 1[0m
  ↳ app/controllers/application_controller.rb:6
  Rendered home/index.html.erb within layouts/application (1.6ms)
Completed 200 OK in 20ms (Views: 18.1ms | ActiveRecord: 0.4ms)


Started GET "/logout" for 127.0.0.1 at 2019-03-08 13:27:48 +0530
Processing by SessionsController#destroy as HTML
Redirected to http://0.0.0.0:3000/
Completed 302 Found in 1ms (ActiveRecord: 0.0ms)


Started GET "/" for 127.0.0.1 at 2019-03-08 13:27:48 +0530
Processing by HomeController#index as HTML
  Rendering home/index.html.erb within layouts/application
  Rendered home/index.html.erb within layouts/application (1.3ms)
Completed 200 OK in 28ms (Views: 26.1ms | ActiveRecord: 0.0ms)


Started GET "/login" for 127.0.0.1 at 2019-03-08 13:28:01 +0530
Processing by SessionsController#new as HTML
  Rendering sessions/new.html.erb within layouts/application
  Rendered sessions/new.html.erb within layouts/application (2.8ms)
Completed 200 OK in 54ms (Views: 52.2ms | ActiveRecord: 0.0ms)


Started GET "/login" for 127.0.0.1 at 2019-03-08 13:30:27 +0530
Processing by SessionsController#new as HTML
  Rendering sessions/new.html.erb within layouts/application
  Rendered sessions/new.html.erb within layouts/application (1.9ms)
Completed 200 OK in 32ms (Views: 30.6ms | ActiveRecord: 0.0ms)


Started GET "/login" for 127.0.0.1 at 2019-03-08 13:31:11 +0530
Processing by SessionsController#new as HTML
  Rendering sessions/new.html.erb within layouts/application
  Rendered sessions/new.html.erb within layouts/application (1.8ms)
Completed 200 OK in 33ms (Views: 31.2ms | ActiveRecord: 0.0ms)


